Flat profile:

Each sample counts as 0.01 seconds.
  %   cumulative   self              self     total           
 time   seconds   seconds    calls   s/call   s/call  name    
 22.17     17.26    17.26 124640000     0.00     0.00  __flux_functions_MOD_flux_vanleer
 19.86     32.72    15.46 126286240     0.00     0.00  __limiter_calculations_MOD_update_limiter
 15.88     45.08    12.36 252572480     0.00     0.00  __limiter_functions_MOD_limiter_vanleer
 10.28     53.08     8.00    10000     0.00     0.01  __inviscid_rhs_MOD_form_rhs_i
  9.45     60.44     7.36 124640000     0.00     0.00  __face_reconstruction_MOD_muscl_extrapolation
  5.05     64.37     3.93 124640000     0.00     0.00  __face_reconstruction_MOD_map_variables_for_muscl_i
  4.14     67.59     3.22    10000     0.00     0.00  __time_step_MOD_time_step_i
  2.48     69.52     1.93        1     1.93    73.18  __main_MOD_march
  1.95     71.04     1.52                             _gfortrani_internal_pack_r8
  1.58     72.27     1.23  6720000     0.00     0.00  __euler_bc_farfield_MOD_euler_farfield_bc_face
  1.50     73.44     1.17                             _gfortran_select_string
  0.63     73.93     0.49                             _gfortrani_compare_string
  0.51     74.33     0.40    10000     0.00     0.00  __inviscid_rhs_MOD_check_convergence
  0.48     74.70     0.37 21040000     0.00     0.00  __extrap_interp_MOD_f_extrap
  0.46     75.06     0.36                             _gfortran_internal_pack
  0.35     75.33     0.27  3120000     0.00     0.00  __euler_bc_ghost_MOD_set_bc
  0.22     75.50     0.17                             _gfortrani_memcmp_char4
  0.19     75.65     0.15  1280000     0.00     0.00  __inviscid_bcflux_MOD_euler_bc_flux_jmax
  0.18     75.79     0.14                             __limiter_functions_MOD_limiter_minmod
  0.17     75.92     0.13                             _gfortrani_get_mem
  0.17     76.05     0.13  3120000     0.00     0.00  __euler_bc_face_MOD_set_bc_face
  0.17     76.18     0.13  1280000     0.00     0.00  __euler_bc_face_MOD_set_euler_face_bc_jmax
  0.14     76.29     0.11                             _gfortrani_internal_unpack_r8
  0.13     76.39     0.10                             __limiter_calculations_MOD_update_limiter_vanleer
  0.12     76.48     0.09                             _gfortrani_find_option
  0.12     76.57     0.09  2240000     0.00     0.00  __euler_bc_farfield_MOD_euler_flux
  0.10     76.65     0.08                             _gfortrani_reshape_packed
  0.10     76.73     0.08  2240000     0.00     0.00  __euler_bc_farfield_MOD_euler_farfield_bc_ghost
  0.10     76.81     0.08  1280000     0.00     0.00  __euler_bc_face_MOD_set_euler_face_bc_jmin
  0.10     76.89     0.08    10000     0.00     0.00  __euler_bc_ghost_MOD_set_ghost_bc_jmax
  0.10     76.97     0.08    10000     0.00     0.00  __euler_bc_ghost_MOD_set_ghost_bc_jmin
  0.09     77.04     0.07 11200000     0.00     0.00  __extrap_interp_MOD_g_extrap_face
  0.09     77.11     0.07  4400000     0.00     0.00  __extrap_interp_MOD_g_extrap
  0.08     77.17     0.07                             __face_reconstruction_MOD_map_variables_for_muscl_ins
  0.08     77.23     0.06    10000     0.00     0.00  __euler_bc_ghost_MOD_set_ghost_bc_imin
  0.08     77.29     0.06    10000     0.00     0.00  __solution_helper_MOD_interchange_block_data_euler
  0.08     77.35     0.06                             _gfortran_internal_unpack
  0.06     77.40     0.05   480000     0.00     0.00  __euler_bc_face_MOD_set_euler_face_bc_imax
  0.06     77.45     0.05   480000     0.00     0.00  __inviscid_bcflux_MOD_euler_bc_flux_imin
  0.05     77.49     0.04   880000     0.00     0.00  __inviscid_bcflux_MOD_euler_bc_flux_jmin
  0.05     77.53     0.04   480000     0.00     0.00  __euler_bc_face_MOD_set_euler_face_bc_imin
  0.05     77.57     0.04                             _gfortrani_internal_malloc_size
  0.04     77.60     0.03                             __extrap_interp_MOD_face_extrap_firstorder
  0.04     77.63     0.03   880000     0.00     0.00  __euler_bc_wall_MOD_euler_slip_wall_bc_ghost
  0.04     77.66     0.03   480000     0.00     0.00  __inviscid_bcflux_MOD_euler_bc_flux_imax
  0.04     77.69     0.03    10000     0.00     0.00  __euler_bc_ghost_MOD_set_ghost_bc_imax
  0.04     77.72     0.03                             namelist_write_newline
  0.03     77.74     0.02  2240000     0.00     0.00  __euler_bc_farfield_MOD_euler_farfield_bc_flux
  0.03     77.76     0.02                             __extrap_interp_MOD_ghost_extrap_face_firstorder
  0.03     77.78     0.02                             _gfortrani_internal_pack_r4
  0.03     77.80     0.02                             formatted_transfer
  0.01     77.81     0.01  2240000     0.00     0.00  __euler_bc_farfield_MOD_set_farfield_bc_face
  0.01     77.82     0.01   880000     0.00     0.00  __euler_bc_wall_MOD_set_wall_bc_ghost
  0.01     77.83     0.01        1     0.01     0.01  __geometry_MOD_fill_derived_grid
  0.01     77.84     0.01                             __euler_bc_farfield_MOD_speed_of_sound
  0.01     77.85     0.01                             write_float
  0.00     77.85     0.00  2240000     0.00     0.00  __euler_bc_farfield_MOD_set_farfield_bc_ghost
  0.00     77.85     0.00   880000     0.00     0.00  __euler_bc_wall_MOD_set_wall_bc_face
  0.00     77.85     0.00   113760     0.00     0.00  __limiter_calculations_MOD_frozen_limiter
  0.00     77.85     0.00    10000     0.00     0.00  __euler_bc_ghost_MOD_euler_bc_ghost_update
  0.00     77.85     0.00      224     0.00     0.00  __eos_MOD_perfect_pt_to_rho
  0.00     77.85     0.00      224     0.00     0.00  __io_bc_farfield_MOD_read_bc_farfield
  0.00     77.85     0.00       88     0.00     0.00  __io_bc_wall_MOD_read_bc_wall
  0.00     77.85     0.00        6     0.00     0.00  __bcinput_MOD_assign_bc_type
  0.00     77.85     0.00        6     0.00     0.00  __bcinput_MOD_assign_grid_connections
  0.00     77.85     0.00        6     0.00     0.00  __bcinput_MOD_read_bc_data
  0.00     77.85     0.00        3     0.00     0.00  __io_MOD_open_existing_file
  0.00     77.85     0.00        3     0.00     0.00  __soln_derived_type_MOD_allocate_soln_limiter
  0.00     77.85     0.00        1     0.00    73.19  MAIN__
  0.00     77.85     0.00        1     0.00     0.00  __bcinput_MOD_get_bc_dim
  0.00     77.85     0.00        1     0.00     0.00  __bcinput_MOD_read_bc_file
  0.00     77.85     0.00        1     0.00     0.00  __eos_MOD_choose_equation_of_state
  0.00     77.85     0.00        1     0.00     0.00  __fluid_constants_MOD_set_fluid_constants
  0.00     77.85     0.00        1     0.00     0.00  __flux_functions_MOD_choose_flux_function
  0.00     77.85     0.00        1     0.00     0.01  __geometry_MOD_fill_grid_block
  0.00     77.85     0.00        1     0.00     0.01  __geometry_MOD_form_derived_grid
  0.00     77.85     0.00        1     0.00     0.00  __geometry_MOD_read_grid_file
  0.00     77.85     0.00        1     0.00     0.00  __geometry_MOD_read_single_block_plot2d_grid
  0.00     77.85     0.00        1     0.00     0.00  __grid_derived_type_MOD_allocate_blocks_in_grid
  0.00     77.85     0.00        1     0.00     0.00  __grid_derived_type_MOD_allocate_derived_grid
  0.00     77.85     0.00        1     0.00     0.00  __grid_derived_type_MOD_allocate_grid_block
  0.00     77.85     0.00        1     0.00     0.00  __grid_derived_type_MOD_deallocate_derived_grid
  0.00     77.85     0.00        1     0.00     0.00  __grid_derived_type_MOD_deallocate_grid
  0.00     77.85     0.00        1     0.00     0.00  __grid_derived_type_MOD_deallocate_grid_block
  0.00     77.85     0.00        1     0.00     0.00  __limiter_functions_MOD_choose_limiter_function
  0.00     77.85     0.00        1     0.00     0.00  __main_MOD_clean_up_soln_grid
  0.00     77.85     0.00        1     0.00     0.00  __main_MOD_compute_exact_solution_and_source
  0.00     77.85     0.00        1     0.00     0.01  __main_MOD_initialize
  0.00     77.85     0.00        1     0.00     0.00  __main_MOD_initialize_soln
  0.00     77.85     0.00        1     0.00     0.00  __main_MOD_setup_soln_for_eqn_type
  0.00     77.85     0.00        1     0.00     0.00  __namelist_MOD_read_nml
  0.00     77.85     0.00        1     0.00     0.00  __set_constants_MOD_set_pi
  0.00     77.85     0.00        1     0.00     0.00  __soln_derived_type_MOD_allocate_blocks_in_soln
  0.00     77.85     0.00        1     0.00     0.00  __soln_derived_type_MOD_allocate_soln_grad
  0.00     77.85     0.00        1     0.00     0.00  __soln_derived_type_MOD_allocate_soln_old
  0.00     77.85     0.00        1     0.00     0.00  __soln_derived_type_MOD_allocate_soln_sblock
  0.00     77.85     0.00        1     0.00     0.00  __soln_derived_type_MOD_deallocate_soln
  0.00     77.85     0.00        1     0.00     0.00  __soln_derived_type_MOD_deallocate_soln_grad
  0.00     77.85     0.00        1     0.00     0.00  __soln_derived_type_MOD_deallocate_soln_old
  0.00     77.85     0.00        1     0.00     0.00  __soln_derived_type_MOD_deallocate_soln_sblock

 %         the percentage of the total running time of the
time       program used by this function.

cumulative a running sum of the number of seconds accounted
 seconds   for by this function and those listed above it.

 self      the number of seconds accounted for by this
seconds    function alone.  This is the major sort for this
           listing.

calls      the number of times this function was invoked, if
           this function is profiled, else blank.
 
 self      the average number of milliseconds spent in this
ms/call    function per call, if this function is profiled,
	   else blank.

 total     the average number of milliseconds spent in this
ms/call    function and its descendents per call, if this 
	   function is profiled, else blank.

name       the name of the function.  This is the minor sort
           for this listing. The index shows the location of
	   the function in the gprof listing. If the index is
	   in parenthesis it shows where it would appear in
	   the gprof listing if it were to be printed.

		     Call graph (explanation follows)


granularity: each sample hit covers 2 byte(s) for 0.01% of 77.85 seconds

index % time    self  children    called     name
                0.00   73.19       1/1           main [2]
[1]     94.0    0.00   73.19       1         MAIN__ [1]
                1.93   71.25       1/1           __main_MOD_march [3]
                0.00    0.01       1/1           __main_MOD_initialize [61]
                0.00    0.00       1/1           __main_MOD_compute_exact_solution_and_source [228]
                0.00    0.00       1/1           __grid_derived_type_MOD_deallocate_grid [224]
                0.00    0.00       1/1           __main_MOD_clean_up_soln_grid [227]
-----------------------------------------------
                                                 <spontaneous>
[2]     94.0    0.00   73.19                 main [2]
                0.00   73.19       1/1           MAIN__ [1]
-----------------------------------------------
                1.93   71.25       1/1           MAIN__ [1]
[3]     94.0    1.93   71.25       1         __main_MOD_march [3]
                8.00   58.26   10000/10000       __inviscid_rhs_MOD_form_rhs_i [4]
                3.22    0.00   10000/10000       __time_step_MOD_time_step_i [10]
                0.00    1.31   10000/10000       __euler_bc_ghost_MOD_euler_bc_ghost_update [13]
                0.40    0.00   10000/10000       __inviscid_rhs_MOD_check_convergence [23]
                0.06    0.00   10000/10000       __solution_helper_MOD_interchange_block_data_euler [46]
                0.00    0.00       1/1           __flux_functions_MOD_choose_flux_function [217]
                0.00    0.00       1/1           __limiter_functions_MOD_choose_limiter_function [226]
                0.00    0.00       1/1           __soln_derived_type_MOD_allocate_soln_old [235]
                0.00    0.00       1/1           __soln_derived_type_MOD_deallocate_soln_old [239]
-----------------------------------------------
                8.00   58.26   10000/10000       __main_MOD_march [3]
[4]     85.1    8.00   58.26   10000         __inviscid_rhs_MOD_form_rhs_i [4]
               15.46   12.36 126286240/126286240     __limiter_calculations_MOD_update_limiter [5]
               17.26    0.00 124640000/124640000     __flux_functions_MOD_flux_vanleer [6]
                7.36    0.00 124640000/124640000     __face_reconstruction_MOD_muscl_extrapolation [8]
                3.93    0.00 124640000/124640000     __face_reconstruction_MOD_map_variables_for_muscl_i [9]
                0.15    0.36 1280000/1280000     __inviscid_bcflux_MOD_euler_bc_flux_jmax [19]
                0.13    0.27 1280000/1280000     __euler_bc_face_MOD_set_euler_face_bc_jmax [22]
                0.08    0.19 1280000/1280000     __euler_bc_face_MOD_set_euler_face_bc_jmin [27]
                0.05    0.14  480000/480000      __inviscid_bcflux_MOD_euler_bc_flux_imin [30]
                0.03    0.14  480000/480000      __inviscid_bcflux_MOD_euler_bc_flux_imax [32]
                0.05    0.10  480000/480000      __euler_bc_face_MOD_set_euler_face_bc_imax [33]
                0.04    0.10  480000/480000      __euler_bc_face_MOD_set_euler_face_bc_imin [34]
                0.04    0.02  880000/880000      __inviscid_bcflux_MOD_euler_bc_flux_jmin [48]
                0.00    0.00  113760/113760      __limiter_calculations_MOD_frozen_limiter [204]
-----------------------------------------------
               15.46   12.36 126286240/126286240     __inviscid_rhs_MOD_form_rhs_i [4]
[5]     35.7   15.46   12.36 126286240         __limiter_calculations_MOD_update_limiter [5]
               12.36    0.00 252572480/252572480     __limiter_functions_MOD_limiter_vanleer [7]
-----------------------------------------------
               17.26    0.00 124640000/124640000     __inviscid_rhs_MOD_form_rhs_i [4]
[6]     22.2   17.26    0.00 124640000         __flux_functions_MOD_flux_vanleer [6]
-----------------------------------------------
               12.36    0.00 252572480/252572480     __limiter_calculations_MOD_update_limiter [5]
[7]     15.9   12.36    0.00 252572480         __limiter_functions_MOD_limiter_vanleer [7]
-----------------------------------------------
                7.36    0.00 124640000/124640000     __inviscid_rhs_MOD_form_rhs_i [4]
[8]      9.4    7.36    0.00 124640000         __face_reconstruction_MOD_muscl_extrapolation [8]
-----------------------------------------------
                3.93    0.00 124640000/124640000     __inviscid_rhs_MOD_form_rhs_i [4]
[9]      5.0    3.93    0.00 124640000         __face_reconstruction_MOD_map_variables_for_muscl_i [9]
-----------------------------------------------
                3.22    0.00   10000/10000       __main_MOD_march [3]
[10]     4.1    3.22    0.00   10000         __time_step_MOD_time_step_i [10]
-----------------------------------------------
                0.41    0.12 2240000/6720000     __euler_bc_face_MOD_set_bc_face [17]
                0.41    0.12 2240000/6720000     __euler_bc_farfield_MOD_euler_farfield_bc_ghost [16]
                0.41    0.12 2240000/6720000     __euler_bc_farfield_MOD_euler_farfield_bc_flux [18]
[11]     2.0    1.23    0.35 6720000         __euler_bc_farfield_MOD_euler_farfield_bc_face [11]
                0.35    0.00 20160000/21040000     __extrap_interp_MOD_f_extrap [25]
-----------------------------------------------
                                                 <spontaneous>
[12]     2.0    1.52    0.00                 _gfortrani_internal_pack_r8 [12]
-----------------------------------------------
                0.00    1.31   10000/10000       __main_MOD_march [3]
[13]     1.7    0.00    1.31   10000         __euler_bc_ghost_MOD_euler_bc_ghost_update [13]
                0.08    0.43   10000/10000       __euler_bc_ghost_MOD_set_ghost_bc_jmax [20]
                0.08    0.30   10000/10000       __euler_bc_ghost_MOD_set_ghost_bc_jmin [24]
                0.06    0.16   10000/10000       __euler_bc_ghost_MOD_set_ghost_bc_imin [28]
                0.03    0.16   10000/10000       __euler_bc_ghost_MOD_set_ghost_bc_imax [29]
-----------------------------------------------
                                                 <spontaneous>
[14]     1.5    1.17    0.00                 _gfortran_select_string [14]
-----------------------------------------------
                0.04    0.12  480000/3120000     __euler_bc_ghost_MOD_set_ghost_bc_imax [29]
                0.04    0.12  480000/3120000     __euler_bc_ghost_MOD_set_ghost_bc_imin [28]
                0.08    0.22  880000/3120000     __euler_bc_ghost_MOD_set_ghost_bc_jmin [24]
                0.11    0.32 1280000/3120000     __euler_bc_ghost_MOD_set_ghost_bc_jmax [20]
[15]     1.4    0.27    0.79 3120000         __euler_bc_ghost_MOD_set_bc [15]
                0.08    0.60 2240000/2240000     __euler_bc_farfield_MOD_euler_farfield_bc_ghost [16]
                0.03    0.07  880000/880000      __euler_bc_wall_MOD_euler_slip_wall_bc_ghost [38]
                0.01    0.00  880000/880000      __euler_bc_wall_MOD_set_wall_bc_ghost [57]
                0.00    0.00 2240000/2240000     __euler_bc_farfield_MOD_set_farfield_bc_ghost [202]
-----------------------------------------------
                0.08    0.60 2240000/2240000     __euler_bc_ghost_MOD_set_bc [15]
[16]     0.9    0.08    0.60 2240000         __euler_bc_farfield_MOD_euler_farfield_bc_ghost [16]
                0.41    0.12 2240000/6720000     __euler_bc_farfield_MOD_euler_farfield_bc_face [11]
                0.07    0.00 11200000/11200000     __extrap_interp_MOD_g_extrap_face [43]
-----------------------------------------------
                0.02    0.08  480000/3120000     __euler_bc_face_MOD_set_euler_face_bc_imax [33]
                0.02    0.08  480000/3120000     __euler_bc_face_MOD_set_euler_face_bc_imin [34]
                0.04    0.15  880000/3120000     __euler_bc_face_MOD_set_euler_face_bc_jmin [27]
                0.05    0.22 1280000/3120000     __euler_bc_face_MOD_set_euler_face_bc_jmax [22]
[17]     0.9    0.13    0.54 3120000         __euler_bc_face_MOD_set_bc_face [17]
                0.41    0.12 2240000/6720000     __euler_bc_farfield_MOD_euler_farfield_bc_face [11]
                0.01    0.00 2240000/2240000     __euler_bc_farfield_MOD_set_farfield_bc_face [56]
                0.00    0.00  880000/880000      __euler_bc_wall_MOD_set_wall_bc_face [203]
-----------------------------------------------
                0.00    0.13  480000/2240000     __inviscid_bcflux_MOD_euler_bc_flux_imax [32]
                0.00    0.13  480000/2240000     __inviscid_bcflux_MOD_euler_bc_flux_imin [30]
                0.01    0.35 1280000/2240000     __inviscid_bcflux_MOD_euler_bc_flux_jmax [19]
[18]     0.8    0.02    0.62 2240000         __euler_bc_farfield_MOD_euler_farfield_bc_flux [18]
                0.41    0.12 2240000/6720000     __euler_bc_farfield_MOD_euler_farfield_bc_face [11]
                0.09    0.00 2240000/2240000     __euler_bc_farfield_MOD_euler_flux [41]
-----------------------------------------------
                0.15    0.36 1280000/1280000     __inviscid_rhs_MOD_form_rhs_i [4]
[19]     0.7    0.15    0.36 1280000         __inviscid_bcflux_MOD_euler_bc_flux_jmax [19]
                0.01    0.35 1280000/2240000     __euler_bc_farfield_MOD_euler_farfield_bc_flux [18]
-----------------------------------------------
                0.08    0.43   10000/10000       __euler_bc_ghost_MOD_euler_bc_ghost_update [13]
[20]     0.7    0.08    0.43   10000         __euler_bc_ghost_MOD_set_ghost_bc_jmax [20]
                0.11    0.32 1280000/3120000     __euler_bc_ghost_MOD_set_bc [15]
-----------------------------------------------
                                                 <spontaneous>
[21]     0.6    0.49    0.00                 _gfortrani_compare_string [21]
-----------------------------------------------
                0.13    0.27 1280000/1280000     __inviscid_rhs_MOD_form_rhs_i [4]
[22]     0.5    0.13    0.27 1280000         __euler_bc_face_MOD_set_euler_face_bc_jmax [22]
                0.05    0.22 1280000/3120000     __euler_bc_face_MOD_set_bc_face [17]
-----------------------------------------------
                0.40    0.00   10000/10000       __main_MOD_march [3]
[23]     0.5    0.40    0.00   10000         __inviscid_rhs_MOD_check_convergence [23]
-----------------------------------------------
                0.08    0.30   10000/10000       __euler_bc_ghost_MOD_euler_bc_ghost_update [13]
[24]     0.5    0.08    0.30   10000         __euler_bc_ghost_MOD_set_ghost_bc_jmin [24]
                0.08    0.22  880000/3120000     __euler_bc_ghost_MOD_set_bc [15]
-----------------------------------------------
                0.02    0.00  880000/21040000     __inviscid_bcflux_MOD_euler_bc_flux_jmin [48]
                0.35    0.00 20160000/21040000     __euler_bc_farfield_MOD_euler_farfield_bc_face [11]
[25]     0.5    0.37    0.00 21040000         __extrap_interp_MOD_f_extrap [25]
-----------------------------------------------
                                                 <spontaneous>
[26]     0.5    0.36    0.00                 _gfortran_internal_pack [26]
-----------------------------------------------
                0.08    0.19 1280000/1280000     __inviscid_rhs_MOD_form_rhs_i [4]
[27]     0.3    0.08    0.19 1280000         __euler_bc_face_MOD_set_euler_face_bc_jmin [27]
                0.04    0.15  880000/3120000     __euler_bc_face_MOD_set_bc_face [17]
-----------------------------------------------
                0.06    0.16   10000/10000       __euler_bc_ghost_MOD_euler_bc_ghost_update [13]
[28]     0.3    0.06    0.16   10000         __euler_bc_ghost_MOD_set_ghost_bc_imin [28]
                0.04    0.12  480000/3120000     __euler_bc_ghost_MOD_set_bc [15]
-----------------------------------------------
                0.03    0.16   10000/10000       __euler_bc_ghost_MOD_euler_bc_ghost_update [13]
[29]     0.2    0.03    0.16   10000         __euler_bc_ghost_MOD_set_ghost_bc_imax [29]
                0.04    0.12  480000/3120000     __euler_bc_ghost_MOD_set_bc [15]
-----------------------------------------------
                0.05    0.14  480000/480000      __inviscid_rhs_MOD_form_rhs_i [4]
[30]     0.2    0.05    0.14  480000         __inviscid_bcflux_MOD_euler_bc_flux_imin [30]
                0.00    0.13  480000/2240000     __euler_bc_farfield_MOD_euler_farfield_bc_flux [18]
-----------------------------------------------
                                                 <spontaneous>
[31]     0.2    0.17    0.00                 _gfortrani_memcmp_char4 [31]
-----------------------------------------------
                0.03    0.14  480000/480000      __inviscid_rhs_MOD_form_rhs_i [4]
[32]     0.2    0.03    0.14  480000         __inviscid_bcflux_MOD_euler_bc_flux_imax [32]
                0.00    0.13  480000/2240000     __euler_bc_farfield_MOD_euler_farfield_bc_flux [18]
-----------------------------------------------
                0.05    0.10  480000/480000      __inviscid_rhs_MOD_form_rhs_i [4]
[33]     0.2    0.05    0.10  480000         __euler_bc_face_MOD_set_euler_face_bc_imax [33]
                0.02    0.08  480000/3120000     __euler_bc_face_MOD_set_bc_face [17]
-----------------------------------------------
                0.04    0.10  480000/480000      __inviscid_rhs_MOD_form_rhs_i [4]
[34]     0.2    0.04    0.10  480000         __euler_bc_face_MOD_set_euler_face_bc_imin [34]
                0.02    0.08  480000/3120000     __euler_bc_face_MOD_set_bc_face [17]
-----------------------------------------------
                                                 <spontaneous>
[35]     0.2    0.14    0.00                 __limiter_functions_MOD_limiter_minmod [35]
-----------------------------------------------
                                                 <spontaneous>
[36]     0.2    0.13    0.00                 _gfortrani_get_mem [36]
-----------------------------------------------
                                                 <spontaneous>
[37]     0.1    0.11    0.00                 _gfortrani_internal_unpack_r8 [37]
-----------------------------------------------
                0.03    0.07  880000/880000      __euler_bc_ghost_MOD_set_bc [15]
[38]     0.1    0.03    0.07  880000         __euler_bc_wall_MOD_euler_slip_wall_bc_ghost [38]
                0.07    0.00 4400000/4400000     __extrap_interp_MOD_g_extrap [44]
-----------------------------------------------
                                                 <spontaneous>
[39]     0.1    0.10    0.00                 __limiter_calculations_MOD_update_limiter_vanleer [39]
-----------------------------------------------
                                                 <spontaneous>
[40]     0.1    0.09    0.00                 _gfortrani_find_option [40]
-----------------------------------------------
                0.09    0.00 2240000/2240000     __euler_bc_farfield_MOD_euler_farfield_bc_flux [18]
[41]     0.1    0.09    0.00 2240000         __euler_bc_farfield_MOD_euler_flux [41]
-----------------------------------------------
                                                 <spontaneous>
[42]     0.1    0.08    0.00                 _gfortrani_reshape_packed [42]
-----------------------------------------------
                0.07    0.00 11200000/11200000     __euler_bc_farfield_MOD_euler_farfield_bc_ghost [16]
[43]     0.1    0.07    0.00 11200000         __extrap_interp_MOD_g_extrap_face [43]
-----------------------------------------------
                0.07    0.00 4400000/4400000     __euler_bc_wall_MOD_euler_slip_wall_bc_ghost [38]
[44]     0.1    0.07    0.00 4400000         __extrap_interp_MOD_g_extrap [44]
-----------------------------------------------
                                                 <spontaneous>
[45]     0.1    0.07    0.00                 __face_reconstruction_MOD_map_variables_for_muscl_ins [45]
-----------------------------------------------
                0.06    0.00   10000/10000       __main_MOD_march [3]
[46]     0.1    0.06    0.00   10000         __solution_helper_MOD_interchange_block_data_euler [46]
-----------------------------------------------
                                                 <spontaneous>
[47]     0.1    0.06    0.00                 _gfortran_internal_unpack [47]
-----------------------------------------------
                0.04    0.02  880000/880000      __inviscid_rhs_MOD_form_rhs_i [4]
[48]     0.1    0.04    0.02  880000         __inviscid_bcflux_MOD_euler_bc_flux_jmin [48]
                0.02    0.00  880000/21040000     __extrap_interp_MOD_f_extrap [25]
-----------------------------------------------
                                                 <spontaneous>
[49]     0.1    0.04    0.00                 _gfortrani_internal_malloc_size [49]
-----------------------------------------------
                                                 <spontaneous>
[50]     0.0    0.03    0.00                 __extrap_interp_MOD_face_extrap_firstorder [50]
-----------------------------------------------
                                                 <spontaneous>
[51]     0.0    0.03    0.00                 namelist_write_newline [51]
-----------------------------------------------
                                                 <spontaneous>
[52]     0.0    0.02    0.00                 formatted_transfer [52]
-----------------------------------------------
                                                 <spontaneous>
[53]     0.0    0.02    0.00                 __extrap_interp_MOD_ghost_extrap_face_firstorder [53]
-----------------------------------------------
                                                 <spontaneous>
[54]     0.0    0.02    0.00                 _gfortrani_internal_pack_r4 [54]
-----------------------------------------------
                                                 <spontaneous>
[55]     0.0    0.01    0.00                 write_float [55]
-----------------------------------------------
                0.01    0.00 2240000/2240000     __euler_bc_face_MOD_set_bc_face [17]
[56]     0.0    0.01    0.00 2240000         __euler_bc_farfield_MOD_set_farfield_bc_face [56]
-----------------------------------------------
                0.01    0.00  880000/880000      __euler_bc_ghost_MOD_set_bc [15]
[57]     0.0    0.01    0.00  880000         __euler_bc_wall_MOD_set_wall_bc_ghost [57]
-----------------------------------------------
                0.01    0.00       1/1           __geometry_MOD_fill_grid_block [59]
[58]     0.0    0.01    0.00       1         __geometry_MOD_fill_derived_grid [58]
-----------------------------------------------
                0.00    0.01       1/1           __geometry_MOD_form_derived_grid [60]
[59]     0.0    0.00    0.01       1         __geometry_MOD_fill_grid_block [59]
                0.01    0.00       1/1           __geometry_MOD_fill_derived_grid [58]
                0.00    0.00       1/1           __grid_derived_type_MOD_allocate_derived_grid [221]
-----------------------------------------------
                0.00    0.01       1/1           __main_MOD_initialize [61]
[60]     0.0    0.00    0.01       1         __geometry_MOD_form_derived_grid [60]
                0.00    0.01       1/1           __geometry_MOD_fill_grid_block [59]
-----------------------------------------------
                0.00    0.01       1/1           MAIN__ [1]
[61]     0.0    0.00    0.01       1         __main_MOD_initialize [61]
                0.00    0.01       1/1           __geometry_MOD_form_derived_grid [60]
                0.00    0.00       1/1           __set_constants_MOD_set_pi [232]
                0.00    0.00       1/1           __namelist_MOD_read_nml [231]
                0.00    0.00       1/1           __geometry_MOD_read_grid_file [218]
                0.00    0.00       1/1           __fluid_constants_MOD_set_fluid_constants [216]
                0.00    0.00       1/1           __eos_MOD_choose_equation_of_state [215]
                0.00    0.00       1/1           __bcinput_MOD_read_bc_file [214]
                0.00    0.00       1/1           __main_MOD_setup_soln_for_eqn_type [230]
                0.00    0.00       1/1           __main_MOD_initialize_soln [229]
-----------------------------------------------
                                                 <spontaneous>
[62]     0.0    0.01    0.00                 __euler_bc_farfield_MOD_speed_of_sound [62]
-----------------------------------------------
                0.00    0.00 2240000/2240000     __euler_bc_ghost_MOD_set_bc [15]
[202]    0.0    0.00    0.00 2240000         __euler_bc_farfield_MOD_set_farfield_bc_ghost [202]
-----------------------------------------------
                0.00    0.00  880000/880000      __euler_bc_face_MOD_set_bc_face [17]
[203]    0.0    0.00    0.00  880000         __euler_bc_wall_MOD_set_wall_bc_face [203]
-----------------------------------------------
                0.00    0.00  113760/113760      __inviscid_rhs_MOD_form_rhs_i [4]
[204]    0.0    0.00    0.00  113760         __limiter_calculations_MOD_frozen_limiter [204]
-----------------------------------------------
                0.00    0.00     224/224         __io_bc_farfield_MOD_read_bc_farfield [206]
[205]    0.0    0.00    0.00     224         __eos_MOD_perfect_pt_to_rho [205]
-----------------------------------------------
                0.00    0.00     224/224         __bcinput_MOD_read_bc_data [210]
[206]    0.0    0.00    0.00     224         __io_bc_farfield_MOD_read_bc_farfield [206]
                0.00    0.00     224/224         __eos_MOD_perfect_pt_to_rho [205]
-----------------------------------------------
                0.00    0.00      88/88          __bcinput_MOD_read_bc_data [210]
[207]    0.0    0.00    0.00      88         __io_bc_wall_MOD_read_bc_wall [207]
-----------------------------------------------
                0.00    0.00       6/6           __bcinput_MOD_read_bc_file [214]
[208]    0.0    0.00    0.00       6         __bcinput_MOD_assign_bc_type [208]
-----------------------------------------------
                0.00    0.00       6/6           __bcinput_MOD_read_bc_file [214]
[209]    0.0    0.00    0.00       6         __bcinput_MOD_assign_grid_connections [209]
-----------------------------------------------
                0.00    0.00       6/6           __bcinput_MOD_read_bc_file [214]
[210]    0.0    0.00    0.00       6         __bcinput_MOD_read_bc_data [210]
                0.00    0.00     224/224         __io_bc_farfield_MOD_read_bc_farfield [206]
                0.00    0.00      88/88          __io_bc_wall_MOD_read_bc_wall [207]
-----------------------------------------------
                0.00    0.00       1/3           __bcinput_MOD_read_bc_file [214]
                0.00    0.00       1/3           __geometry_MOD_read_grid_file [218]
                0.00    0.00       1/3           __namelist_MOD_read_nml [231]
[211]    0.0    0.00    0.00       3         __io_MOD_open_existing_file [211]
-----------------------------------------------
                0.00    0.00       3/3           __soln_derived_type_MOD_allocate_soln_sblock [236]
[212]    0.0    0.00    0.00       3         __soln_derived_type_MOD_allocate_soln_limiter [212]
-----------------------------------------------
                0.00    0.00       1/1           __bcinput_MOD_read_bc_file [214]
[213]    0.0    0.00    0.00       1         __bcinput_MOD_get_bc_dim [213]
-----------------------------------------------
                0.00    0.00       1/1           __main_MOD_initialize [61]
[214]    0.0    0.00    0.00       1         __bcinput_MOD_read_bc_file [214]
                0.00    0.00       6/6           __bcinput_MOD_assign_grid_connections [209]
                0.00    0.00       6/6           __bcinput_MOD_assign_bc_type [208]
                0.00    0.00       6/6           __bcinput_MOD_read_bc_data [210]
                0.00    0.00       1/3           __io_MOD_open_existing_file [211]
                0.00    0.00       1/1           __bcinput_MOD_get_bc_dim [213]
-----------------------------------------------
                0.00    0.00       1/1           __main_MOD_initialize [61]
[215]    0.0    0.00    0.00       1         __eos_MOD_choose_equation_of_state [215]
-----------------------------------------------
                0.00    0.00       1/1           __main_MOD_initialize [61]
[216]    0.0    0.00    0.00       1         __fluid_constants_MOD_set_fluid_constants [216]
-----------------------------------------------
                0.00    0.00       1/1           __main_MOD_march [3]
[217]    0.0    0.00    0.00       1         __flux_functions_MOD_choose_flux_function [217]
-----------------------------------------------
                0.00    0.00       1/1           __main_MOD_initialize [61]
[218]    0.0    0.00    0.00       1         __geometry_MOD_read_grid_file [218]
                0.00    0.00       1/3           __io_MOD_open_existing_file [211]
                0.00    0.00       1/1           __geometry_MOD_read_single_block_plot2d_grid [219]
-----------------------------------------------
                0.00    0.00       1/1           __geometry_MOD_read_grid_file [218]
[219]    0.0    0.00    0.00       1         __geometry_MOD_read_single_block_plot2d_grid [219]
                0.00    0.00       1/1           __grid_derived_type_MOD_allocate_blocks_in_grid [220]
                0.00    0.00       1/1           __grid_derived_type_MOD_allocate_grid_block [222]
-----------------------------------------------
                0.00    0.00       1/1           __geometry_MOD_read_single_block_plot2d_grid [219]
[220]    0.0    0.00    0.00       1         __grid_derived_type_MOD_allocate_blocks_in_grid [220]
-----------------------------------------------
                0.00    0.00       1/1           __geometry_MOD_fill_grid_block [59]
[221]    0.0    0.00    0.00       1         __grid_derived_type_MOD_allocate_derived_grid [221]
-----------------------------------------------
                0.00    0.00       1/1           __geometry_MOD_read_single_block_plot2d_grid [219]
[222]    0.0    0.00    0.00       1         __grid_derived_type_MOD_allocate_grid_block [222]
-----------------------------------------------
                0.00    0.00       1/1           __grid_derived_type_MOD_deallocate_grid [224]
[223]    0.0    0.00    0.00       1         __grid_derived_type_MOD_deallocate_derived_grid [223]
-----------------------------------------------
                0.00    0.00       1/1           MAIN__ [1]
[224]    0.0    0.00    0.00       1         __grid_derived_type_MOD_deallocate_grid [224]
                0.00    0.00       1/1           __grid_derived_type_MOD_deallocate_derived_grid [223]
                0.00    0.00       1/1           __grid_derived_type_MOD_deallocate_grid_block [225]
-----------------------------------------------
                0.00    0.00       1/1           __grid_derived_type_MOD_deallocate_grid [224]
[225]    0.0    0.00    0.00       1         __grid_derived_type_MOD_deallocate_grid_block [225]
-----------------------------------------------
                0.00    0.00       1/1           __main_MOD_march [3]
[226]    0.0    0.00    0.00       1         __limiter_functions_MOD_choose_limiter_function [226]
-----------------------------------------------
                0.00    0.00       1/1           MAIN__ [1]
[227]    0.0    0.00    0.00       1         __main_MOD_clean_up_soln_grid [227]
                0.00    0.00       1/1           __soln_derived_type_MOD_deallocate_soln [237]
-----------------------------------------------
                0.00    0.00       1/1           MAIN__ [1]
[228]    0.0    0.00    0.00       1         __main_MOD_compute_exact_solution_and_source [228]
-----------------------------------------------
                0.00    0.00       1/1           __main_MOD_initialize [61]
[229]    0.0    0.00    0.00       1         __main_MOD_initialize_soln [229]
-----------------------------------------------
                0.00    0.00       1/1           __main_MOD_initialize [61]
[230]    0.0    0.00    0.00       1         __main_MOD_setup_soln_for_eqn_type [230]
                0.00    0.00       1/1           __soln_derived_type_MOD_allocate_blocks_in_soln [233]
                0.00    0.00       1/1           __soln_derived_type_MOD_allocate_soln_sblock [236]
-----------------------------------------------
                0.00    0.00       1/1           __main_MOD_initialize [61]
[231]    0.0    0.00    0.00       1         __namelist_MOD_read_nml [231]
                0.00    0.00       1/3           __io_MOD_open_existing_file [211]
-----------------------------------------------
                0.00    0.00       1/1           __main_MOD_initialize [61]
[232]    0.0    0.00    0.00       1         __set_constants_MOD_set_pi [232]
-----------------------------------------------
                0.00    0.00       1/1           __main_MOD_setup_soln_for_eqn_type [230]
[233]    0.0    0.00    0.00       1         __soln_derived_type_MOD_allocate_blocks_in_soln [233]
-----------------------------------------------
                0.00    0.00       1/1           __soln_derived_type_MOD_allocate_soln_sblock [236]
[234]    0.0    0.00    0.00       1         __soln_derived_type_MOD_allocate_soln_grad [234]
-----------------------------------------------
                0.00    0.00       1/1           __main_MOD_march [3]
[235]    0.0    0.00    0.00       1         __soln_derived_type_MOD_allocate_soln_old [235]
-----------------------------------------------
                0.00    0.00       1/1           __main_MOD_setup_soln_for_eqn_type [230]
[236]    0.0    0.00    0.00       1         __soln_derived_type_MOD_allocate_soln_sblock [236]
                0.00    0.00       3/3           __soln_derived_type_MOD_allocate_soln_limiter [212]
                0.00    0.00       1/1           __soln_derived_type_MOD_allocate_soln_grad [234]
-----------------------------------------------
                0.00    0.00       1/1           __main_MOD_clean_up_soln_grid [227]
[237]    0.0    0.00    0.00       1         __soln_derived_type_MOD_deallocate_soln [237]
                0.00    0.00       1/1           __soln_derived_type_MOD_deallocate_soln_sblock [240]
-----------------------------------------------
                0.00    0.00       1/1           __soln_derived_type_MOD_deallocate_soln_sblock [240]
[238]    0.0    0.00    0.00       1         __soln_derived_type_MOD_deallocate_soln_grad [238]
-----------------------------------------------
                0.00    0.00       1/1           __main_MOD_march [3]
[239]    0.0    0.00    0.00       1         __soln_derived_type_MOD_deallocate_soln_old [239]
-----------------------------------------------
                0.00    0.00       1/1           __soln_derived_type_MOD_deallocate_soln [237]
[240]    0.0    0.00    0.00       1         __soln_derived_type_MOD_deallocate_soln_sblock [240]
                0.00    0.00       1/1           __soln_derived_type_MOD_deallocate_soln_grad [238]
-----------------------------------------------

 This table describes the call tree of the program, and was sorted by
 the total amount of time spent in each function and its children.

 Each entry in this table consists of several lines.  The line with the
 index number at the left hand margin lists the current function.
 The lines above it list the functions that called this function,
 and the lines below it list the functions this one called.
 This line lists:
     index	A unique number given to each element of the table.
		Index numbers are sorted numerically.
		The index number is printed next to every function name so
		it is easier to look up where the function in the table.

     % time	This is the percentage of the `total' time that was spent
		in this function and its children.  Note that due to
		different viewpoints, functions excluded by options, etc,
		these numbers will NOT add up to 100%.

     self	This is the total amount of time spent in this function.

     children	This is the total amount of time propagated into this
		function by its children.

     called	This is the number of times the function was called.
		If the function called itself recursively, the number
		only includes non-recursive calls, and is followed by
		a `+' and the number of recursive calls.

     name	The name of the current function.  The index number is
		printed after it.  If the function is a member of a
		cycle, the cycle number is printed between the
		function's name and the index number.


 For the function's parents, the fields have the following meanings:

     self	This is the amount of time that was propagated directly
		from the function into this parent.

     children	This is the amount of time that was propagated from
		the function's children into this parent.

     called	This is the number of times this parent called the
		function `/' the total number of times the function
		was called.  Recursive calls to the function are not
		included in the number after the `/'.

     name	This is the name of the parent.  The parent's index
		number is printed after it.  If the parent is a
		member of a cycle, the cycle number is printed between
		the name and the index number.

 If the parents of the function cannot be determined, the word
 `<spontaneous>' is printed in the `name' field, and all the other
 fields are blank.

 For the function's children, the fields have the following meanings:

     self	This is the amount of time that was propagated directly
		from the child into the function.

     children	This is the amount of time that was propagated from the
		child's children to the function.

     called	This is the number of times the function called
		this child `/' the total number of times the child
		was called.  Recursive calls by the child are not
		listed in the number after the `/'.

     name	This is the name of the child.  The child's index
		number is printed after it.  If the child is a
		member of a cycle, the cycle number is printed
		between the name and the index number.

 If there are any cycles (circles) in the call graph, there is an
 entry for the cycle-as-a-whole.  This entry shows who called the
 cycle (as parents) and the members of the cycle (as children.)
 The `+' recursive calls entry shows the number of function calls that
 were internal to the cycle, and the calls entry for each member shows,
 for that member, how many times it was called from other members of
 the cycle.


Index by function name

   [1] MAIN__ (sensei.f90)     [9] __face_reconstruction_MOD_map_variables_for_muscl_i [61] __main_MOD_initialize
 [208] __bcinput_MOD_assign_bc_type [45] __face_reconstruction_MOD_map_variables_for_muscl_ins [229] __main_MOD_initialize_soln
 [209] __bcinput_MOD_assign_grid_connections [8] __face_reconstruction_MOD_muscl_extrapolation [3] __main_MOD_march
 [213] __bcinput_MOD_get_bc_dim [216] __fluid_constants_MOD_set_fluid_constants [230] __main_MOD_setup_soln_for_eqn_type
 [210] __bcinput_MOD_read_bc_data [217] __flux_functions_MOD_choose_flux_function [231] __namelist_MOD_read_nml
 [214] __bcinput_MOD_read_bc_file [6] __flux_functions_MOD_flux_vanleer [232] __set_constants_MOD_set_pi
 [215] __eos_MOD_choose_equation_of_state [58] __geometry_MOD_fill_derived_grid [233] __soln_derived_type_MOD_allocate_blocks_in_soln
 [205] __eos_MOD_perfect_pt_to_rho [59] __geometry_MOD_fill_grid_block [234] __soln_derived_type_MOD_allocate_soln_grad
  [17] __euler_bc_face_MOD_set_bc_face [60] __geometry_MOD_form_derived_grid [212] __soln_derived_type_MOD_allocate_soln_limiter
  [33] __euler_bc_face_MOD_set_euler_face_bc_imax [218] __geometry_MOD_read_grid_file [235] __soln_derived_type_MOD_allocate_soln_old
  [34] __euler_bc_face_MOD_set_euler_face_bc_imin [219] __geometry_MOD_read_single_block_plot2d_grid [236] __soln_derived_type_MOD_allocate_soln_sblock
  [22] __euler_bc_face_MOD_set_euler_face_bc_jmax [220] __grid_derived_type_MOD_allocate_blocks_in_grid [237] __soln_derived_type_MOD_deallocate_soln
  [27] __euler_bc_face_MOD_set_euler_face_bc_jmin [221] __grid_derived_type_MOD_allocate_derived_grid [238] __soln_derived_type_MOD_deallocate_soln_grad
  [11] __euler_bc_farfield_MOD_euler_farfield_bc_face [222] __grid_derived_type_MOD_allocate_grid_block [239] __soln_derived_type_MOD_deallocate_soln_old
  [18] __euler_bc_farfield_MOD_euler_farfield_bc_flux [223] __grid_derived_type_MOD_deallocate_derived_grid [240] __soln_derived_type_MOD_deallocate_soln_sblock
  [16] __euler_bc_farfield_MOD_euler_farfield_bc_ghost [224] __grid_derived_type_MOD_deallocate_grid [46] __solution_helper_MOD_interchange_block_data_euler
  [41] __euler_bc_farfield_MOD_euler_flux [225] __grid_derived_type_MOD_deallocate_grid_block [10] __time_step_MOD_time_step_i
  [56] __euler_bc_farfield_MOD_set_farfield_bc_face [32] __inviscid_bcflux_MOD_euler_bc_flux_imax [26] _gfortran_internal_pack
 [202] __euler_bc_farfield_MOD_set_farfield_bc_ghost [30] __inviscid_bcflux_MOD_euler_bc_flux_imin [47] _gfortran_internal_unpack
  [62] __euler_bc_farfield_MOD_speed_of_sound [19] __inviscid_bcflux_MOD_euler_bc_flux_jmax [14] _gfortran_select_string
  [13] __euler_bc_ghost_MOD_euler_bc_ghost_update [48] __inviscid_bcflux_MOD_euler_bc_flux_jmin [21] _gfortrani_compare_string
  [15] __euler_bc_ghost_MOD_set_bc [23] __inviscid_rhs_MOD_check_convergence [40] _gfortrani_find_option
  [29] __euler_bc_ghost_MOD_set_ghost_bc_imax [4] __inviscid_rhs_MOD_form_rhs_i [36] _gfortrani_get_mem
  [28] __euler_bc_ghost_MOD_set_ghost_bc_imin [211] __io_MOD_open_existing_file [49] _gfortrani_internal_malloc_size
  [20] __euler_bc_ghost_MOD_set_ghost_bc_jmax [206] __io_bc_farfield_MOD_read_bc_farfield [54] _gfortrani_internal_pack_r4
  [24] __euler_bc_ghost_MOD_set_ghost_bc_jmin [207] __io_bc_wall_MOD_read_bc_wall [12] _gfortrani_internal_pack_r8
  [38] __euler_bc_wall_MOD_euler_slip_wall_bc_ghost [204] __limiter_calculations_MOD_frozen_limiter [37] _gfortrani_internal_unpack_r8
 [203] __euler_bc_wall_MOD_set_wall_bc_face [5] __limiter_calculations_MOD_update_limiter [31] _gfortrani_memcmp_char4
  [57] __euler_bc_wall_MOD_set_wall_bc_ghost [39] __limiter_calculations_MOD_update_limiter_vanleer [42] _gfortrani_reshape_packed
  [25] __extrap_interp_MOD_f_extrap [226] __limiter_functions_MOD_choose_limiter_function [52] formatted_transfer (transfer.c)
  [50] __extrap_interp_MOD_face_extrap_firstorder [35] __limiter_functions_MOD_limiter_minmod [51] namelist_write_newline (write.c)
  [44] __extrap_interp_MOD_g_extrap [7] __limiter_functions_MOD_limiter_vanleer [55] write_float (write_float.def)
  [43] __extrap_interp_MOD_g_extrap_face [227] __main_MOD_clean_up_soln_grid
  [53] __extrap_interp_MOD_ghost_extrap_face_firstorder [228] __main_MOD_compute_exact_solution_and_source
