Flat profile:

Each sample counts as 0.01 seconds.
  %   cumulative   self              self     total           
 time   seconds   seconds    calls   s/call   s/call  name    
 24.31     17.75    17.75 145680000     0.00     0.00  __euler_bc_ghost_MOD_set_ghost_bc_kmax
 18.32     31.13    13.38 61460000     0.00     0.00  __face_reconstruction_MOD_map_variables_for_muscl_ins
  7.53     36.63     5.50    10001     0.00     0.00  __euler_bc_ghost_MOD_set_ghost_bc_jmin
  7.05     41.78     5.15                             __euler_bc_face_MOD_vector_mirror
  6.56     46.57     4.79                             __euler_bc_face_MOD_set_euler_face_bc_kmax
  6.35     51.21     4.64 124640000     0.00     0.00  __time_step_MOD_time_step_i
  6.29     55.80     4.59 758400001     0.00     0.00  __euler_bc_face_MOD_set_euler_face_bc_kmin
  5.27     59.65     3.85    10000     0.00     0.00  __time_step_MOD_time_step_v
  4.45     62.90     3.25                             __euler_bc_ghost_MOD_set_ghost_bc_imax
  3.51     65.46     2.56                             __euler_bc_ghost_MOD_set_ghost_bc_imin
  2.59     67.35     1.89                             __inviscid_rhs_MOD_form_rhs_i
  2.03     68.83     1.48        2     0.74    21.50  __face_reconstruction_MOD_map_variables_for_muscl_i
  1.73     70.10     1.27 15680000     0.00     0.00  __bcinput_MOD_assign_grid_connections
  1.16     70.95     0.85                             __euler_bc_face_MOD_set_bc_face
  0.92     71.62     0.67 13360000     0.00     0.00  __bcinput_MOD_read_bc_file
  0.53     72.00     0.39                             __bcinput_MOD_shift_indicies_to_cells
  0.38     72.28     0.28  3130000     0.00     0.00  __main_MOD_initialize_soln
  0.25     72.46     0.18    10000     0.00     0.00  __main_MOD_setup_soln_for_eqn_type
  0.23     72.63     0.17  1280000     0.00     0.00  __bcinput_MOD_assign_bc_type
  0.18     72.76     0.13                             __euler_bc_ghost_MOD_euler_bc_ghost_update
  0.08     72.82     0.06    10000     0.00     0.00  __main_MOD_initialize
  0.07     72.87     0.05    10002     0.00     0.00  __limiter_calculations_MOD_form_limiter
  0.05     72.91     0.04                             __bcinput_MOD_read_bc_wall
  0.03     72.93     0.02  3120000     0.00     0.00  __bcinput_MOD_read_bc_outflow
  0.03     72.95     0.02    10000     0.00     0.00  __bcinput_MOD_read_bc_inflow
  0.03     72.97     0.02                             __bcinput_MOD_read_bc_symmetry
  0.01     72.98     0.01  1280000     0.00     0.00  __bcinput_MOD_read_bc_data
  0.01     72.99     0.01    10000     0.00     0.00  MAIN__
  0.01     73.00     0.01        1     0.01     0.01  __soln_derived_type_MOD_allocate_soln_grad
  0.01     73.01     0.01                             __bcinput_MOD_shift_indicies_to_nodes
  0.01     73.02     0.01                             __inviscid_rhs_MOD_check_convergence
  0.01     73.03     0.01                             __main_MOD_clean_up
  0.00     73.03     0.00      227     0.00     0.00  __solution_helper_MOD_interchange_block_data_ins
  0.00     73.03     0.00        4     0.00     0.00  __euler_bc_face_MOD_set_euler_face_bc_imin
  0.00     73.03     0.00        4     0.00     0.00  __soln_derived_type_MOD_allocate_soln_limiter
  0.00     73.03     0.00        3     0.00     0.00  __soln_derived_type_MOD_allocate_blocks_in_soln
  0.00     73.03     0.00        2     0.00     0.00  __soln_derived_type_MOD_allocate_soln_old
  0.00     73.03     0.00        2     0.00     0.00  __soln_derived_type_MOD_deallocate_soln_old
  0.00     73.03     0.00        1     0.00     0.00  __euler_bc_face_MOD_set_euler_face_bc_jmax
  0.00     73.03     0.00        1     0.00     0.00  __euler_bc_face_MOD_set_euler_face_bc_jmin
  0.00     73.03     0.00        1     0.00     0.00  __euler_bc_farfield_MOD_euler_farfield_bc_flux
  0.00     73.03     0.00        1     0.00     0.00  __euler_bc_farfield_MOD_euler_farfield_bc_ghost
  0.00     73.03     0.00        1     0.00     0.00  __euler_bc_wall_MOD_euler_slip_wall_bc_face
  0.00     73.03     0.00        1     0.00     0.00  __euler_bc_wall_MOD_vector_mirror
  0.00     73.03     0.00        1     0.00     0.00  __flux_functions_MOD_flux_swb
  0.00     73.03     0.00        1     0.00     0.00  __flux_functions_MOD_flux_vanleer
  0.00     73.03     0.00        1     0.00     0.00  __soln_derived_type_MOD_allocate_soln_sblock
  0.00     73.03     0.00        1     0.00     0.00  __soln_derived_type_MOD_deallocate_blocks_in_soln
  0.00     73.03     0.00        1     0.00     0.00  __soln_derived_type_MOD_deallocate_soln

 %         the percentage of the total running time of the
time       program used by this function.

cumulative a running sum of the number of seconds accounted
 seconds   for by this function and those listed above it.

 self      the number of seconds accounted for by this
seconds    function alone.  This is the major sort for this
           listing.

calls      the number of times this function was invoked, if
           this function is profiled, else blank.
 
 self      the average number of milliseconds spent in this
ms/call    function per call, if this function is profiled,
	   else blank.

 total     the average number of milliseconds spent in this
ms/call    function and its descendents per call, if this 
	   function is profiled, else blank.

name       the name of the function.  This is the minor sort
           for this listing. The index shows the location of
	   the function in the gprof listing. If the index is
	   in parenthesis it shows where it would appear in
	   the gprof listing if it were to be printed.

		     Call graph (explanation follows)


granularity: each sample hit covers 2 byte(s) for 0.01% of 73.03 seconds

index % time    self  children    called     name
                                 262             __main_MOD_march [1]
[1]     58.9    0.00   43.02       0+262     __main_MOD_march [1]
                1.48   41.53       2/2           __face_reconstruction_MOD_map_variables_for_muscl_i [2]
                0.01    0.00       1/1           __soln_derived_type_MOD_allocate_soln_grad [32]
                0.00    0.00       1/10002       __limiter_calculations_MOD_form_limiter [27]
                0.00    0.00     227/227         __solution_helper_MOD_interchange_block_data_ins [43]
                0.00    0.00       1/1           __flux_functions_MOD_flux_swb [55]
                0.00    0.00       1/4           __euler_bc_face_MOD_set_euler_face_bc_imin [44]
                0.00    0.00       1/1           __euler_bc_farfield_MOD_euler_farfield_bc_flux [51]
                0.00    0.00       1/1           __soln_derived_type_MOD_deallocate_soln [59]
                0.00    0.00       1/4           __soln_derived_type_MOD_allocate_soln_limiter [45]
                0.00    0.00       1/1           __soln_derived_type_MOD_deallocate_blocks_in_soln [58]
                0.00    0.00       1/3           __soln_derived_type_MOD_allocate_blocks_in_soln [46]
                                 262             __main_MOD_march [1]
-----------------------------------------------
                1.48   41.53       2/2           __main_MOD_march [1]
[2]     58.9    1.48   41.53       2         __face_reconstruction_MOD_map_variables_for_muscl_i [2]
               13.38   13.13 61440000/61460000     __face_reconstruction_MOD_map_variables_for_muscl_ins [3]
                7.49    0.00 61440000/145680000     __euler_bc_ghost_MOD_set_ghost_bc_kmax [4]
                3.85    0.00   10000/10000       __time_step_MOD_time_step_v [12]
                0.02    2.00   10000/10000       __bcinput_MOD_read_bc_inflow [16]
                0.01    1.26 1280000/1280000     __bcinput_MOD_read_bc_data [19]
                0.16    0.14 1280000/15680000     __bcinput_MOD_assign_grid_connections <cycle 1> [15]
                0.05    0.00   10001/10002       __limiter_calculations_MOD_form_limiter [27]
                0.05    0.00 1280000/124640000     __time_step_MOD_time_step_i [9]
                0.00    0.00       1/10001       __euler_bc_ghost_MOD_set_ghost_bc_jmin [6]
                0.00    0.00       1/758400001     __euler_bc_face_MOD_set_euler_face_bc_kmin [10]
                0.00    0.00       1/4           __soln_derived_type_MOD_allocate_soln_limiter [45]
                0.00    0.00       1/1           __euler_bc_face_MOD_set_euler_face_bc_jmin [50]
-----------------------------------------------
                             63200000             __face_reconstruction_MOD_map_variables_for_muscl_ins [3]
                0.00    0.00   10000/61460000     __face_reconstruction_MOD_muscl_extrapolation [5]
                0.00    0.00   10000/61460000     __inviscid_rhs_MOD_form_rhs_i [17]
               13.38   13.13 61440000/61460000     __face_reconstruction_MOD_map_variables_for_muscl_i [2]
[3]     36.3   13.38   13.13 61460000+63200000 __face_reconstruction_MOD_map_variables_for_muscl_ins [3]
                7.70    0.00 63200000/145680000     __euler_bc_ghost_MOD_set_ghost_bc_kmax [4]
                4.59    0.00 123360000/124640000     __time_step_MOD_time_step_i [9]
                0.35    0.31 2800000/15680000     __bcinput_MOD_assign_grid_connections <cycle 1> [15]
                0.17    0.01 1280000/1280000     __bcinput_MOD_assign_bc_type [25]
                             63200000             __face_reconstruction_MOD_map_variables_for_muscl_ins [3]
-----------------------------------------------
                0.82    0.00 6720000/145680000     __bcinput_MOD_shift_indicies_to_cells [20]
                1.74    0.00 14320000/145680000     __bcinput_MOD_assign_grid_connections <cycle 1> [15]
                7.49    0.00 61440000/145680000     __face_reconstruction_MOD_map_variables_for_muscl_i [2]
                7.70    0.00 63200000/145680000     __face_reconstruction_MOD_map_variables_for_muscl_ins [3]
[4]     24.3   17.75    0.00 145680000         __euler_bc_ghost_MOD_set_ghost_bc_kmax [4]
-----------------------------------------------
                                                 <spontaneous>
[5]      9.6    0.00    7.03                 __face_reconstruction_MOD_muscl_extrapolation [5]
                5.50    1.53   10000/10001       __euler_bc_ghost_MOD_set_ghost_bc_jmin [6]
                0.00    0.00   10000/61460000     __face_reconstruction_MOD_map_variables_for_muscl_ins [3]
-----------------------------------------------
                0.00    0.00       1/10001       __face_reconstruction_MOD_map_variables_for_muscl_i [2]
                5.50    1.53   10000/10001       __face_reconstruction_MOD_muscl_extrapolation [5]
[6]      9.6    5.50    1.53   10001         __euler_bc_ghost_MOD_set_ghost_bc_jmin [6]
                1.53    0.00 252800000/758400001     __euler_bc_face_MOD_set_euler_face_bc_kmin [10]
-----------------------------------------------
                                                 <spontaneous>
[7]      8.1    5.15    0.76                 __euler_bc_face_MOD_vector_mirror [7]
                0.76    0.00 124800000/758400001     __euler_bc_face_MOD_set_euler_face_bc_kmin [10]
-----------------------------------------------
                                                 <spontaneous>
[8]      7.6    4.79    0.77                 __euler_bc_face_MOD_set_euler_face_bc_kmax [8]
                0.77    0.00 128000000/758400001     __euler_bc_face_MOD_set_euler_face_bc_kmin [10]
-----------------------------------------------
                0.05    0.00 1280000/124640000     __face_reconstruction_MOD_map_variables_for_muscl_i [2]
                4.59    0.00 123360000/124640000     __face_reconstruction_MOD_map_variables_for_muscl_ins [3]
[9]      6.4    4.64    0.00 124640000         __time_step_MOD_time_step_i [9]
-----------------------------------------------
                0.00    0.00       1/758400001     __face_reconstruction_MOD_map_variables_for_muscl_i [2]
                0.76    0.00 124800000/758400001     __euler_bc_ghost_MOD_set_ghost_bc_imax [11]
                0.76    0.00 124800000/758400001     __euler_bc_face_MOD_vector_mirror [7]
                0.77    0.00 128000000/758400001     __euler_bc_ghost_MOD_set_ghost_bc_imin [14]
                0.77    0.00 128000000/758400001     __euler_bc_face_MOD_set_euler_face_bc_kmax [8]
                1.53    0.00 252800000/758400001     __euler_bc_ghost_MOD_set_ghost_bc_jmin [6]
[10]     6.3    4.59    0.00 758400001         __euler_bc_face_MOD_set_euler_face_bc_kmin [10]
-----------------------------------------------
                                                 <spontaneous>
[11]     5.5    3.25    0.76                 __euler_bc_ghost_MOD_set_ghost_bc_imax [11]
                0.76    0.00 124800000/758400001     __euler_bc_face_MOD_set_euler_face_bc_kmin [10]
-----------------------------------------------
                3.85    0.00   10000/10000       __face_reconstruction_MOD_map_variables_for_muscl_i [2]
[12]     5.3    3.85    0.00   10000         __time_step_MOD_time_step_v [12]
-----------------------------------------------
[13]     5.1    1.94    1.76 15680000+13360000 <cycle 1 as a whole> [13]
                1.27    1.76 15680000+3120000     __bcinput_MOD_assign_grid_connections <cycle 1> [15]
                0.67    0.00 13360000+11200000     __bcinput_MOD_read_bc_file <cycle 1> [24]
-----------------------------------------------
                                                 <spontaneous>
[14]     4.6    2.56    0.77                 __euler_bc_ghost_MOD_set_ghost_bc_imin [14]
                0.77    0.00 128000000/758400001     __euler_bc_face_MOD_set_euler_face_bc_kmin [10]
-----------------------------------------------
                             3120000             __bcinput_MOD_assign_grid_connections <cycle 1> [15]
                             6720000             __bcinput_MOD_read_bc_file <cycle 1> [24]
                0.16    0.14 1280000/15680000     __face_reconstruction_MOD_map_variables_for_muscl_i [2]
                0.22    0.20 1760000/15680000     __main_MOD_initialize_soln [18]
                0.35    0.31 2800000/15680000     __face_reconstruction_MOD_map_variables_for_muscl_ins [3]
                0.39    0.35 3120000/15680000     __bcinput_MOD_read_bc_data [19]
[15]     4.1    1.27    1.76 15680000+3120000 __bcinput_MOD_assign_grid_connections <cycle 1> [15]
                1.74    0.00 14320000/145680000     __euler_bc_ghost_MOD_set_ghost_bc_kmax [4]
                0.01    0.00 1840000/3120000     __bcinput_MOD_read_bc_outflow [30]
                             6640000             __bcinput_MOD_read_bc_file <cycle 1> [24]
                             3120000             __bcinput_MOD_assign_grid_connections <cycle 1> [15]
-----------------------------------------------
                0.02    2.00   10000/10000       __face_reconstruction_MOD_map_variables_for_muscl_i [2]
[16]     2.8    0.02    2.00   10000         __bcinput_MOD_read_bc_inflow [16]
                0.18    0.72   10000/10000       __main_MOD_setup_soln_for_eqn_type [21]
                0.06    0.76   10000/10000       __main_MOD_initialize [23]
                0.04    0.23  490000/3130000     __main_MOD_initialize_soln [18]
                0.01    0.00   10000/10000       MAIN__ [31]
-----------------------------------------------
                                                 <spontaneous>
[17]     2.6    1.89    0.00                 __inviscid_rhs_MOD_form_rhs_i [17]
                0.00    0.00   10000/61460000     __face_reconstruction_MOD_map_variables_for_muscl_ins [3]
                0.00    0.00       1/1           __euler_bc_face_MOD_set_euler_face_bc_jmax [49]
-----------------------------------------------
                0.04    0.23  490000/3130000     __bcinput_MOD_read_bc_inflow [16]
                0.11    0.60 1280000/3130000     __main_MOD_setup_soln_for_eqn_type [21]
                0.12    0.64 1360000/3130000     __main_MOD_initialize [23]
[18]     2.4    0.28    1.47 3130000         __main_MOD_initialize_soln [18]
                0.55    0.50 4480000/15680000     __bcinput_MOD_read_bc_file <cycle 1> [24]
                0.22    0.20 1760000/15680000     __bcinput_MOD_assign_grid_connections <cycle 1> [15]
-----------------------------------------------
                0.01    1.26 1280000/1280000     __face_reconstruction_MOD_map_variables_for_muscl_i [2]
[19]     1.7    0.01    1.26 1280000         __bcinput_MOD_read_bc_data [19]
                0.39    0.35 3120000/15680000     __bcinput_MOD_assign_grid_connections <cycle 1> [15]
                0.28    0.25 2240000/15680000     __bcinput_MOD_read_bc_file <cycle 1> [24]
-----------------------------------------------
                                                 <spontaneous>
[20]     1.6    0.39    0.82                 __bcinput_MOD_shift_indicies_to_cells [20]
                0.82    0.00 6720000/145680000     __euler_bc_ghost_MOD_set_ghost_bc_kmax [4]
-----------------------------------------------
                0.18    0.72   10000/10000       __bcinput_MOD_read_bc_inflow [16]
[21]     1.2    0.18    0.72   10000         __main_MOD_setup_soln_for_eqn_type [21]
                0.11    0.60 1280000/3130000     __main_MOD_initialize_soln [18]
-----------------------------------------------
                                                 <spontaneous>
[22]     1.2    0.85    0.00                 __euler_bc_face_MOD_set_bc_face [22]
-----------------------------------------------
                0.06    0.76   10000/10000       __bcinput_MOD_read_bc_inflow [16]
[23]     1.1    0.06    0.76   10000         __main_MOD_initialize [23]
                0.12    0.64 1360000/3130000     __main_MOD_initialize_soln [18]
-----------------------------------------------
                             11200000             __bcinput_MOD_read_bc_file <cycle 1> [24]
                             6640000             __bcinput_MOD_assign_grid_connections <cycle 1> [15]
                0.28    0.25 2240000/15680000     __bcinput_MOD_read_bc_data [19]
                0.55    0.50 4480000/15680000     __main_MOD_initialize_soln [18]
[24]     0.9    0.67    0.00 13360000+11200000 __bcinput_MOD_read_bc_file <cycle 1> [24]
                             6720000             __bcinput_MOD_assign_grid_connections <cycle 1> [15]
                             11200000             __bcinput_MOD_read_bc_file <cycle 1> [24]
-----------------------------------------------
                0.17    0.01 1280000/1280000     __face_reconstruction_MOD_map_variables_for_muscl_ins [3]
[25]     0.2    0.17    0.01 1280000         __bcinput_MOD_assign_bc_type [25]
                0.01    0.00 1280000/3120000     __bcinput_MOD_read_bc_outflow [30]
-----------------------------------------------
                                                 <spontaneous>
[26]     0.2    0.13    0.00                 __euler_bc_ghost_MOD_euler_bc_ghost_update [26]
-----------------------------------------------
                0.00    0.00       1/10002       __main_MOD_march [1]
                0.05    0.00   10001/10002       __face_reconstruction_MOD_map_variables_for_muscl_i [2]
[27]     0.1    0.05    0.00   10002         __limiter_calculations_MOD_form_limiter [27]
                0.00    0.00       1/1           __flux_functions_MOD_flux_vanleer [56]
-----------------------------------------------
                                                 <spontaneous>
[28]     0.1    0.04    0.00                 __bcinput_MOD_read_bc_wall [28]
-----------------------------------------------
                                                 <spontaneous>
[29]     0.0    0.02    0.00                 __bcinput_MOD_read_bc_symmetry [29]
-----------------------------------------------
                0.01    0.00 1280000/3120000     __bcinput_MOD_assign_bc_type [25]
                0.01    0.00 1840000/3120000     __bcinput_MOD_assign_grid_connections <cycle 1> [15]
[30]     0.0    0.02    0.00 3120000         __bcinput_MOD_read_bc_outflow [30]
-----------------------------------------------
                0.01    0.00   10000/10000       __bcinput_MOD_read_bc_inflow [16]
[31]     0.0    0.01    0.00   10000         MAIN__ [31]
-----------------------------------------------
                                   1             __soln_derived_type_MOD_allocate_soln_grad [32]
                0.01    0.00       1/1           __main_MOD_march [1]
[32]     0.0    0.01    0.00       1+1       __soln_derived_type_MOD_allocate_soln_grad [32]
                0.00    0.00       1/2           __soln_derived_type_MOD_deallocate_soln_old [48]
                0.00    0.00       1/4           __soln_derived_type_MOD_allocate_soln_limiter [45]
                                   1             __soln_derived_type_MOD_allocate_soln_grad [32]
-----------------------------------------------
                                                 <spontaneous>
[33]     0.0    0.01    0.00                 __bcinput_MOD_shift_indicies_to_nodes [33]
-----------------------------------------------
                                                 <spontaneous>
[34]     0.0    0.01    0.00                 __inviscid_rhs_MOD_check_convergence [34]
-----------------------------------------------
                                                 <spontaneous>
[35]     0.0    0.01    0.00                 __main_MOD_clean_up [35]
-----------------------------------------------
                0.00    0.00     227/227         __main_MOD_march [1]
[43]     0.0    0.00    0.00     227         __solution_helper_MOD_interchange_block_data_ins [43]
-----------------------------------------------
                0.00    0.00       1/4           __main_MOD_march [1]
                0.00    0.00       1/4           __flux_functions_MOD_flux_roe [122]
                0.00    0.00       2/4           __euler_bc_farfield_MOD_euler_farfield_bc_ghost [52]
[44]     0.0    0.00    0.00       4         __euler_bc_face_MOD_set_euler_face_bc_imin [44]
-----------------------------------------------
                                   1             __soln_derived_type_MOD_allocate_soln_limiter [45]
                0.00    0.00       1/4           __face_reconstruction_MOD_map_variables_for_muscl_i [2]
                0.00    0.00       1/4           __main_MOD_march [1]
                0.00    0.00       1/4           __soln_derived_type_MOD_allocate_soln_grad [32]
                0.00    0.00       1/4           __soln_derived_type_MOD_allocate_soln_sblock [57]
[45]     0.0    0.00    0.00       4+1       __soln_derived_type_MOD_allocate_soln_limiter [45]
                0.00    0.00       1/2           __soln_derived_type_MOD_deallocate_soln_old [48]
                0.00    0.00       1/2           __soln_derived_type_MOD_allocate_soln_old [47]
                                   1             __soln_derived_type_MOD_allocate_soln_limiter [45]
-----------------------------------------------
                0.00    0.00       1/3           __main_MOD_march [1]
                0.00    0.00       1/3           __soln_derived_type_MOD_deallocate_blocks_in_soln [58]
                0.00    0.00       1/3           __soln_derived_type_MOD_deallocate_soln [59]
[46]     0.0    0.00    0.00       3         __soln_derived_type_MOD_allocate_blocks_in_soln [46]
-----------------------------------------------
                0.00    0.00       1/2           __soln_derived_type_MOD_allocate_soln_limiter [45]
                0.00    0.00       1/2           __soln_derived_type_MOD_allocate_soln_sblock [57]
[47]     0.0    0.00    0.00       2         __soln_derived_type_MOD_allocate_soln_old [47]
-----------------------------------------------
                0.00    0.00       1/2           __soln_derived_type_MOD_allocate_soln_limiter [45]
                0.00    0.00       1/2           __soln_derived_type_MOD_allocate_soln_grad [32]
[48]     0.0    0.00    0.00       2         __soln_derived_type_MOD_deallocate_soln_old [48]
-----------------------------------------------
                0.00    0.00       1/1           __inviscid_rhs_MOD_form_rhs_i [17]
[49]     0.0    0.00    0.00       1         __euler_bc_face_MOD_set_euler_face_bc_jmax [49]
-----------------------------------------------
                0.00    0.00       1/1           __face_reconstruction_MOD_map_variables_for_muscl_i [2]
[50]     0.0    0.00    0.00       1         __euler_bc_face_MOD_set_euler_face_bc_jmin [50]
-----------------------------------------------
                0.00    0.00       1/1           __main_MOD_march [1]
[51]     0.0    0.00    0.00       1         __euler_bc_farfield_MOD_euler_farfield_bc_flux [51]
-----------------------------------------------
                0.00    0.00       1/1           __flux_functions_MOD_flux_swb [55]
[52]     0.0    0.00    0.00       1         __euler_bc_farfield_MOD_euler_farfield_bc_ghost [52]
                0.00    0.00       2/4           __euler_bc_face_MOD_set_euler_face_bc_imin [44]
                0.00    0.00       1/1           __euler_bc_wall_MOD_vector_mirror [54]
-----------------------------------------------
                0.00    0.00       1/1           __flux_functions_MOD_flux_roe [122]
[53]     0.0    0.00    0.00       1         __euler_bc_wall_MOD_euler_slip_wall_bc_face [53]
-----------------------------------------------
                0.00    0.00       1/1           __euler_bc_farfield_MOD_euler_farfield_bc_ghost [52]
[54]     0.0    0.00    0.00       1         __euler_bc_wall_MOD_vector_mirror [54]
-----------------------------------------------
                0.00    0.00       1/1           __main_MOD_march [1]
[55]     0.0    0.00    0.00       1         __flux_functions_MOD_flux_swb [55]
                0.00    0.00       1/1           __euler_bc_farfield_MOD_euler_farfield_bc_ghost [52]
-----------------------------------------------
                0.00    0.00       1/1           __limiter_calculations_MOD_form_limiter [27]
[56]     0.0    0.00    0.00       1         __flux_functions_MOD_flux_vanleer [56]
-----------------------------------------------
                0.00    0.00       1/1           __soln_derived_type_MOD_deallocate_blocks_in_soln [58]
[57]     0.0    0.00    0.00       1         __soln_derived_type_MOD_allocate_soln_sblock [57]
                0.00    0.00       1/4           __soln_derived_type_MOD_allocate_soln_limiter [45]
                0.00    0.00       1/2           __soln_derived_type_MOD_allocate_soln_old [47]
-----------------------------------------------
                0.00    0.00       1/1           __main_MOD_march [1]
[58]     0.0    0.00    0.00       1         __soln_derived_type_MOD_deallocate_blocks_in_soln [58]
                0.00    0.00       1/3           __soln_derived_type_MOD_allocate_blocks_in_soln [46]
                0.00    0.00       1/1           __soln_derived_type_MOD_allocate_soln_sblock [57]
-----------------------------------------------
                0.00    0.00       1/1           __main_MOD_march [1]
[59]     0.0    0.00    0.00       1         __soln_derived_type_MOD_deallocate_soln [59]
                0.00    0.00       1/3           __soln_derived_type_MOD_allocate_blocks_in_soln [46]
-----------------------------------------------

 This table describes the call tree of the program, and was sorted by
 the total amount of time spent in each function and its children.

 Each entry in this table consists of several lines.  The line with the
 index number at the left hand margin lists the current function.
 The lines above it list the functions that called this function,
 and the lines below it list the functions this one called.
 This line lists:
     index	A unique number given to each element of the table.
		Index numbers are sorted numerically.
		The index number is printed next to every function name so
		it is easier to look up where the function in the table.

     % time	This is the percentage of the `total' time that was spent
		in this function and its children.  Note that due to
		different viewpoints, functions excluded by options, etc,
		these numbers will NOT add up to 100%.

     self	This is the total amount of time spent in this function.

     children	This is the total amount of time propagated into this
		function by its children.

     called	This is the number of times the function was called.
		If the function called itself recursively, the number
		only includes non-recursive calls, and is followed by
		a `+' and the number of recursive calls.

     name	The name of the current function.  The index number is
		printed after it.  If the function is a member of a
		cycle, the cycle number is printed between the
		function's name and the index number.


 For the function's parents, the fields have the following meanings:

     self	This is the amount of time that was propagated directly
		from the function into this parent.

     children	This is the amount of time that was propagated from
		the function's children into this parent.

     called	This is the number of times this parent called the
		function `/' the total number of times the function
		was called.  Recursive calls to the function are not
		included in the number after the `/'.

     name	This is the name of the parent.  The parent's index
		number is printed after it.  If the parent is a
		member of a cycle, the cycle number is printed between
		the name and the index number.

 If the parents of the function cannot be determined, the word
 `<spontaneous>' is printed in the `name' field, and all the other
 fields are blank.

 For the function's children, the fields have the following meanings:

     self	This is the amount of time that was propagated directly
		from the child into the function.

     children	This is the amount of time that was propagated from the
		child's children to the function.

     called	This is the number of times the function called
		this child `/' the total number of times the child
		was called.  Recursive calls by the child are not
		listed in the number after the `/'.

     name	This is the name of the child.  The child's index
		number is printed after it.  If the child is a
		member of a cycle, the cycle number is printed
		between the name and the index number.

 If there are any cycles (circles) in the call graph, there is an
 entry for the cycle-as-a-whole.  This entry shows who called the
 cycle (as parents) and the members of the cycle (as children.)
 The `+' recursive calls entry shows the number of function calls that
 were internal to the cycle, and the calls entry for each member shows,
 for that member, how many times it was called from other members of
 the cycle.


Index by function name

  [31] MAIN__ (sensei.f90)     [7] __euler_bc_face_MOD_vector_mirror [35] __main_MOD_clean_up
  [25] __bcinput_MOD_assign_bc_type [51] __euler_bc_farfield_MOD_euler_farfield_bc_flux [23] __main_MOD_initialize
  [15] __bcinput_MOD_assign_grid_connections [52] __euler_bc_farfield_MOD_euler_farfield_bc_ghost [18] __main_MOD_initialize_soln
  [19] __bcinput_MOD_read_bc_data [26] __euler_bc_ghost_MOD_euler_bc_ghost_update [21] __main_MOD_setup_soln_for_eqn_type
  [24] __bcinput_MOD_read_bc_file [11] __euler_bc_ghost_MOD_set_ghost_bc_imax [46] __soln_derived_type_MOD_allocate_blocks_in_soln
  [16] __bcinput_MOD_read_bc_inflow [14] __euler_bc_ghost_MOD_set_ghost_bc_imin [32] __soln_derived_type_MOD_allocate_soln_grad
  [30] __bcinput_MOD_read_bc_outflow [6] __euler_bc_ghost_MOD_set_ghost_bc_jmin [45] __soln_derived_type_MOD_allocate_soln_limiter
  [29] __bcinput_MOD_read_bc_symmetry [4] __euler_bc_ghost_MOD_set_ghost_bc_kmax [47] __soln_derived_type_MOD_allocate_soln_old
  [28] __bcinput_MOD_read_bc_wall [53] __euler_bc_wall_MOD_euler_slip_wall_bc_face [57] __soln_derived_type_MOD_allocate_soln_sblock
  [20] __bcinput_MOD_shift_indicies_to_cells [54] __euler_bc_wall_MOD_vector_mirror [58] __soln_derived_type_MOD_deallocate_blocks_in_soln
  [33] __bcinput_MOD_shift_indicies_to_nodes [2] __face_reconstruction_MOD_map_variables_for_muscl_i [59] __soln_derived_type_MOD_deallocate_soln
  [22] __euler_bc_face_MOD_set_bc_face [3] __face_reconstruction_MOD_map_variables_for_muscl_ins [48] __soln_derived_type_MOD_deallocate_soln_old
  [44] __euler_bc_face_MOD_set_euler_face_bc_imin [55] __flux_functions_MOD_flux_swb [43] __solution_helper_MOD_interchange_block_data_ins
  [49] __euler_bc_face_MOD_set_euler_face_bc_jmax [56] __flux_functions_MOD_flux_vanleer [9] __time_step_MOD_time_step_i
  [50] __euler_bc_face_MOD_set_euler_face_bc_jmin [34] __inviscid_rhs_MOD_check_convergence [12] __time_step_MOD_time_step_v
   [8] __euler_bc_face_MOD_set_euler_face_bc_kmax [17] __inviscid_rhs_MOD_form_rhs_i [13] <cycle 1>
  [10] __euler_bc_face_MOD_set_euler_face_bc_kmin [27] __limiter_calculations_MOD_form_limiter
