Flat profile:

Each sample counts as 0.01 seconds.
  %   cumulative   self              self     total           
 time   seconds   seconds    calls   s/call   s/call  name    
 21.51      2.45     2.45     1000     0.00     0.00  __limiter_calculations_MOD_form_limiter
 14.09      4.06     1.61 12464000     0.00     0.00  __face_reconstruction_MOD_map_variables_for_muscl_i
 12.03      5.43     1.37 75840000     0.00     0.00  __limiter_functions_MOD_limiter_vanleer
  9.83      6.55     1.12 12464000     0.00     0.00  __flux_functions_MOD_flux_vanleer
  6.85      7.33     0.78     1000     0.00     0.00  __inviscid_rhs_MOD_form_rhs_i
  6.32      8.05     0.72        1     0.72    10.67  __main_MOD_march
  6.23      8.76     0.71 24928000     0.00     0.00  __flux_functions_MOD_speed_of_sound
  6.06      9.45     0.69     1000     0.00     0.00  __time_step_MOD_time_step_i
  4.78      9.99     0.55 12464000     0.00     0.00  __face_reconstruction_MOD_muscl_extrapolation
  2.55     10.28     0.29  6144000     0.00     0.00  __time_step_MOD_speed_of_sound
  2.11     10.52     0.24                             _gfortrani_internal_pack_r8
  1.40     10.68     0.16                             _gfortran_select_string
  0.97     10.79     0.11   672000     0.00     0.00  __euler_bc_farfield_MOD_euler_farfield_bc_face
  0.53     10.85     0.06  1344000     0.00     0.00  __euler_bc_farfield_MOD_speed_of_sound
  0.53     10.91     0.06                             __limiter_functions_MOD_limiter_vanalbada
  0.44     10.96     0.05     1000     0.00     0.00  __inviscid_rhs_MOD_check_convergence
  0.35     11.00     0.04     1000     0.00     0.00  __euler_bc_ghost_MOD_set_ghost_bc_jmin
  0.26     11.03     0.03                             _gfortran_internal_pack
  0.26     11.06     0.03                             _gfortrani_internal_unpack_r8
  0.26     11.09     0.03                             namelist_write_newline
  0.26     11.12     0.03                             __flux_functions_MOD_flux_roe
  0.18     11.14     0.02   128000     0.00     0.00  __euler_bc_face_MOD_set_euler_face_bc_jmax
  0.18     11.16     0.02                             _gfortrani_compare_string
  0.18     11.18     0.02                             _gfortrani_memcmp_char4
  0.18     11.20     0.02                             formatted_transfer
  0.09     11.21     0.01  2104000     0.00     0.00  __extrap_interp_MOD_face_extrap_secondorder
  0.09     11.22     0.01  1120000     0.00     0.00  __extrap_interp_MOD_g_extrap_face
  0.09     11.23     0.01   312000     0.00     0.00  __euler_bc_face_MOD_set_bc_face
  0.09     11.24     0.01   312000     0.00     0.00  __euler_bc_ghost_MOD_set_bc
  0.09     11.25     0.01   224000     0.00     0.00  __euler_bc_farfield_MOD_euler_farfield_bc_ghost
  0.09     11.26     0.01   224000     0.00     0.00  __euler_bc_farfield_MOD_euler_flux
  0.09     11.27     0.01   224000     0.00     0.00  __inviscid_bcflux_MOD_set_farfield_bcflux
  0.09     11.28     0.01   128000     0.00     0.00  __inviscid_bcflux_MOD_euler_bc_flux_jmax
  0.09     11.29     0.01    88000     0.00     0.00  __inviscid_bcflux_MOD_euler_bc_flux_jmin
  0.09     11.30     0.01    48000     0.00     0.00  __euler_bc_face_MOD_set_euler_face_bc_imin
  0.09     11.31     0.01     1000     0.00     0.00  __euler_bc_ghost_MOD_set_ghost_bc_jmax
  0.09     11.32     0.01                             __face_reconstruction_MOD_map_variables_for_muscl_ins
  0.09     11.33     0.01                             _gfortrani_find_option
  0.09     11.34     0.01                             _gfortrani_get_mem
  0.09     11.35     0.01                             _gfortrani_internal_malloc_size
  0.09     11.36     0.01                             _gfortrani_max_value
  0.09     11.37     0.01                             _gfortrani_next_format
  0.09     11.38     0.01                             _gfortrani_reshape_packed
  0.09     11.39     0.01                             gfc_itoa
  0.00     11.39     0.00  2104000     0.00     0.00  __extrap_interp_MOD_f_extrap
  0.00     11.39     0.00  1120000     0.00     0.00  __extrap_interp_MOD_ghost_extrap_face_secondorder
  0.00     11.39     0.00   440000     0.00     0.00  __extrap_interp_MOD_g_extrap
  0.00     11.39     0.00   440000     0.00     0.00  __extrap_interp_MOD_ghost_extrap_secondorder
  0.00     11.39     0.00   312000     0.00     0.00  __inviscid_bcflux_MOD_set_bcflux
  0.00     11.39     0.00   224000     0.00     0.00  __euler_bc_farfield_MOD_euler_farfield_bc_flux
  0.00     11.39     0.00   224000     0.00     0.00  __euler_bc_farfield_MOD_set_farfield_bc_face
  0.00     11.39     0.00   224000     0.00     0.00  __euler_bc_farfield_MOD_set_farfield_bc_ghost
  0.00     11.39     0.00   128000     0.00     0.00  __euler_bc_face_MOD_set_euler_face_bc_jmin
  0.00     11.39     0.00    88000     0.00     0.00  __euler_bc_wall_MOD_euler_slip_wall_bc_face
  0.00     11.39     0.00    88000     0.00     0.00  __euler_bc_wall_MOD_euler_slip_wall_bc_ghost
  0.00     11.39     0.00    88000     0.00     0.00  __euler_bc_wall_MOD_set_wall_bc_face
  0.00     11.39     0.00    88000     0.00     0.00  __euler_bc_wall_MOD_set_wall_bc_ghost
  0.00     11.39     0.00    88000     0.00     0.00  __inviscid_bcflux_MOD_set_wall_bcflux
  0.00     11.39     0.00    48000     0.00     0.00  __euler_bc_face_MOD_set_euler_face_bc_imax
  0.00     11.39     0.00    48000     0.00     0.00  __inviscid_bcflux_MOD_euler_bc_flux_imax
  0.00     11.39     0.00    48000     0.00     0.00  __inviscid_bcflux_MOD_euler_bc_flux_imin
  0.00     11.39     0.00    24752     0.00     0.00  __geometry_MOD_cross_product
  0.00     11.39     0.00    24752     0.00     0.00  __geometry_MOD_vector_norm
  0.00     11.39     0.00     1000     0.00     0.00  __euler_bc_ghost_MOD_euler_bc_ghost_update
  0.00     11.39     0.00     1000     0.00     0.00  __euler_bc_ghost_MOD_set_ghost_bc_imax
  0.00     11.39     0.00     1000     0.00     0.00  __euler_bc_ghost_MOD_set_ghost_bc_imin
  0.00     11.39     0.00     1000     0.00     0.00  __solution_helper_MOD_interchange_block_data_euler
  0.00     11.39     0.00      224     0.00     0.00  __eos_MOD_perfect_pt_to_rho
  0.00     11.39     0.00      224     0.00     0.00  __io_bc_farfield_MOD_read_bc_farfield
  0.00     11.39     0.00      224     0.00     0.00  __io_bc_farfield_MOD_speed_of_sound
  0.00     11.39     0.00       88     0.00     0.00  __io_bc_wall_MOD_read_bc_wall
  0.00     11.39     0.00       12     0.00     0.00  __bcinput_MOD_shift_indicies_to_nodes
  0.00     11.39     0.00        8     0.00     0.00  __bcinput_MOD_shift_indicies_to_cells
  0.00     11.39     0.00        6     0.00     0.00  __bcinput_MOD_assign_bc_type
  0.00     11.39     0.00        6     0.00     0.00  __bcinput_MOD_assign_grid_connections
  0.00     11.39     0.00        6     0.00     0.00  __bcinput_MOD_read_bc_data
  0.00     11.39     0.00        3     0.00     0.00  __io_MOD_find_available_unit
  0.00     11.39     0.00        3     0.00     0.00  __io_MOD_open_existing_file
  0.00     11.39     0.00        2     0.00     0.00  __soln_derived_type_MOD_allocate_soln_limiter
  0.00     11.39     0.00        2     0.00     0.00  __soln_derived_type_MOD_deallocate_soln_limiter
  0.00     11.39     0.00        1     0.00    10.67  MAIN__
  0.00     11.39     0.00        1     0.00     0.00  __bcinput_MOD_get_bc_dim
  0.00     11.39     0.00        1     0.00     0.00  __bcinput_MOD_read_bc_file
  0.00     11.39     0.00        1     0.00     0.00  __eos_MOD_choose_equation_of_state
  0.00     11.39     0.00        1     0.00     0.00  __fluid_constants_MOD_set_fluid_constants
  0.00     11.39     0.00        1     0.00     0.00  __flux_functions_MOD_choose_flux_function
  0.00     11.39     0.00        1     0.00     0.00  __geometry_MOD_fill_derived_grid
  0.00     11.39     0.00        1     0.00     0.00  __geometry_MOD_fill_grid_block
  0.00     11.39     0.00        1     0.00     0.00  __geometry_MOD_form_derived_grid
  0.00     11.39     0.00        1     0.00     0.00  __geometry_MOD_read_grid_file
  0.00     11.39     0.00        1     0.00     0.00  __geometry_MOD_read_single_block_plot2d_grid
  0.00     11.39     0.00        1     0.00     0.00  __grid_derived_type_MOD_allocate_blocks_in_grid
  0.00     11.39     0.00        1     0.00     0.00  __grid_derived_type_MOD_allocate_derived_grid
  0.00     11.39     0.00        1     0.00     0.00  __grid_derived_type_MOD_allocate_grid_block
  0.00     11.39     0.00        1     0.00     0.00  __grid_derived_type_MOD_deallocate_derived_grid
  0.00     11.39     0.00        1     0.00     0.00  __grid_derived_type_MOD_deallocate_grid
  0.00     11.39     0.00        1     0.00     0.00  __grid_derived_type_MOD_deallocate_grid_block
  0.00     11.39     0.00        1     0.00     0.00  __limiter_functions_MOD_choose_limiter_function
  0.00     11.39     0.00        1     0.00     0.00  __main_MOD_clean_up_soln_grid
  0.00     11.39     0.00        1     0.00     0.00  __main_MOD_compute_exact_solution_and_source
  0.00     11.39     0.00        1     0.00     0.00  __main_MOD_initialize
  0.00     11.39     0.00        1     0.00     0.00  __main_MOD_initialize_soln
  0.00     11.39     0.00        1     0.00     0.00  __main_MOD_setup_soln_for_eqn_type
  0.00     11.39     0.00        1     0.00     0.00  __namelist_MOD_read_nml
  0.00     11.39     0.00        1     0.00     0.00  __set_constants_MOD_set_pi
  0.00     11.39     0.00        1     0.00     0.00  __soln_derived_type_MOD_allocate_blocks_in_soln
  0.00     11.39     0.00        1     0.00     0.00  __soln_derived_type_MOD_allocate_soln_grad
  0.00     11.39     0.00        1     0.00     0.00  __soln_derived_type_MOD_allocate_soln_old
  0.00     11.39     0.00        1     0.00     0.00  __soln_derived_type_MOD_allocate_soln_sblock
  0.00     11.39     0.00        1     0.00     0.00  __soln_derived_type_MOD_deallocate_soln
  0.00     11.39     0.00        1     0.00     0.00  __soln_derived_type_MOD_deallocate_soln_grad
  0.00     11.39     0.00        1     0.00     0.00  __soln_derived_type_MOD_deallocate_soln_old
  0.00     11.39     0.00        1     0.00     0.00  __soln_derived_type_MOD_deallocate_soln_sblock

 %         the percentage of the total running time of the
time       program used by this function.

cumulative a running sum of the number of seconds accounted
 seconds   for by this function and those listed above it.

 self      the number of seconds accounted for by this
seconds    function alone.  This is the major sort for this
           listing.

calls      the number of times this function was invoked, if
           this function is profiled, else blank.
 
 self      the average number of milliseconds spent in this
ms/call    function per call, if this function is profiled,
	   else blank.

 total     the average number of milliseconds spent in this
ms/call    function and its descendents per call, if this 
	   function is profiled, else blank.

name       the name of the function.  This is the minor sort
           for this listing. The index shows the location of
	   the function in the gprof listing. If the index is
	   in parenthesis it shows where it would appear in
	   the gprof listing if it were to be printed.

		     Call graph (explanation follows)


granularity: each sample hit covers 2 byte(s) for 0.09% of 11.39 seconds

index % time    self  children    called     name
                0.00   10.67       1/1           main [2]
[1]     93.7    0.00   10.67       1         MAIN__ [1]
                0.72    9.95       1/1           __main_MOD_march [3]
                0.00    0.00       1/1           __main_MOD_initialize [241]
                0.00    0.00       1/1           __main_MOD_clean_up_soln_grid [239]
-----------------------------------------------
                                                 <spontaneous>
[2]     93.7    0.00   10.67                 main [2]
                0.00   10.67       1/1           MAIN__ [1]
-----------------------------------------------
                0.72    9.95       1/1           MAIN__ [1]
[3]     93.7    0.72    9.95       1         __main_MOD_march [3]
                0.78    4.18    1000/1000        __inviscid_rhs_MOD_form_rhs_i [4]
                2.45    1.37    1000/1000        __limiter_calculations_MOD_form_limiter [5]
                0.69    0.29    1000/1000        __time_step_MOD_time_step_i [9]
                0.00    0.14    1000/1000        __euler_bc_ghost_MOD_euler_bc_ghost_update [16]
                0.05    0.00    1000/1000        __inviscid_rhs_MOD_check_convergence [28]
                0.00    0.00    1000/1000        __solution_helper_MOD_interchange_block_data_euler [208]
                0.00    0.00       1/1           __flux_functions_MOD_choose_flux_function [226]
                0.00    0.00       1/1           __limiter_functions_MOD_choose_limiter_function [238]
                0.00    0.00       1/1           __soln_derived_type_MOD_allocate_soln_old [248]
                0.00    0.00       1/1           __soln_derived_type_MOD_deallocate_soln_old [252]
-----------------------------------------------
                0.78    4.18    1000/1000        __main_MOD_march [3]
[4]     43.5    0.78    4.18    1000         __inviscid_rhs_MOD_form_rhs_i [4]
                1.12    0.71 12464000/12464000     __flux_functions_MOD_flux_vanleer [6]
                1.61    0.00 12464000/12464000     __face_reconstruction_MOD_map_variables_for_muscl_i [7]
                0.55    0.00 12464000/12464000     __face_reconstruction_MOD_muscl_extrapolation [11]
                0.02    0.03  128000/128000      __euler_bc_face_MOD_set_euler_face_bc_jmax [29]
                0.01    0.03  128000/128000      __inviscid_bcflux_MOD_euler_bc_flux_jmax [31]
                0.01    0.02   88000/88000       __inviscid_bcflux_MOD_euler_bc_flux_jmin [32]
                0.01    0.01   48000/48000       __euler_bc_face_MOD_set_euler_face_bc_imin [37]
                0.00    0.02  128000/128000      __euler_bc_face_MOD_set_euler_face_bc_jmin [41]
                0.00    0.01   48000/48000       __inviscid_bcflux_MOD_euler_bc_flux_imin [45]
                0.00    0.01   48000/48000       __inviscid_bcflux_MOD_euler_bc_flux_imax [44]
                0.00    0.01   48000/48000       __euler_bc_face_MOD_set_euler_face_bc_imax [46]
-----------------------------------------------
                2.45    1.37    1000/1000        __main_MOD_march [3]
[5]     33.5    2.45    1.37    1000         __limiter_calculations_MOD_form_limiter [5]
                1.37    0.00 75840000/75840000     __limiter_functions_MOD_limiter_vanleer [8]
-----------------------------------------------
                1.12    0.71 12464000/12464000     __inviscid_rhs_MOD_form_rhs_i [4]
[6]     16.1    1.12    0.71 12464000         __flux_functions_MOD_flux_vanleer [6]
                0.71    0.00 24928000/24928000     __flux_functions_MOD_speed_of_sound [10]
-----------------------------------------------
                1.61    0.00 12464000/12464000     __inviscid_rhs_MOD_form_rhs_i [4]
[7]     14.1    1.61    0.00 12464000         __face_reconstruction_MOD_map_variables_for_muscl_i [7]
-----------------------------------------------
                1.37    0.00 75840000/75840000     __limiter_calculations_MOD_form_limiter [5]
[8]     12.0    1.37    0.00 75840000         __limiter_functions_MOD_limiter_vanleer [8]
-----------------------------------------------
                0.69    0.29    1000/1000        __main_MOD_march [3]
[9]      8.6    0.69    0.29    1000         __time_step_MOD_time_step_i [9]
                0.29    0.00 6144000/6144000     __time_step_MOD_speed_of_sound [12]
-----------------------------------------------
                0.71    0.00 24928000/24928000     __flux_functions_MOD_flux_vanleer [6]
[10]     6.2    0.71    0.00 24928000         __flux_functions_MOD_speed_of_sound [10]
-----------------------------------------------
                0.55    0.00 12464000/12464000     __inviscid_rhs_MOD_form_rhs_i [4]
[11]     4.8    0.55    0.00 12464000         __face_reconstruction_MOD_muscl_extrapolation [11]
-----------------------------------------------
                0.29    0.00 6144000/6144000     __time_step_MOD_time_step_i [9]
[12]     2.5    0.29    0.00 6144000         __time_step_MOD_speed_of_sound [12]
-----------------------------------------------
                                                 <spontaneous>
[13]     2.1    0.24    0.00                 _gfortrani_internal_pack_r8 [13]
-----------------------------------------------
                0.04    0.02  224000/672000      __euler_bc_farfield_MOD_euler_farfield_bc_ghost [19]
                0.04    0.02  224000/672000      __euler_bc_farfield_MOD_euler_farfield_bc_flux [23]
                0.04    0.02  224000/672000      __euler_bc_farfield_MOD_set_farfield_bc_face [27]
[14]     1.6    0.11    0.07  672000         __euler_bc_farfield_MOD_euler_farfield_bc_face [14]
                0.06    0.00 1344000/1344000     __euler_bc_farfield_MOD_speed_of_sound [25]
                0.00    0.01 2016000/2104000     __extrap_interp_MOD_f_extrap [48]
-----------------------------------------------
                                                 <spontaneous>
[15]     1.4    0.16    0.00                 _gfortran_select_string [15]
-----------------------------------------------
                0.00    0.14    1000/1000        __main_MOD_march [3]
[16]     1.2    0.00    0.14    1000         __euler_bc_ghost_MOD_euler_bc_ghost_update [16]
                0.04    0.03    1000/1000        __euler_bc_ghost_MOD_set_ghost_bc_jmin [24]
                0.01    0.04    1000/1000        __euler_bc_ghost_MOD_set_ghost_bc_jmax [30]
                0.00    0.01    1000/1000        __euler_bc_ghost_MOD_set_ghost_bc_imin [43]
                0.00    0.01    1000/1000        __euler_bc_ghost_MOD_set_ghost_bc_imax [42]
-----------------------------------------------
                0.00    0.01   48000/312000      __euler_bc_ghost_MOD_set_ghost_bc_imax [42]
                0.00    0.01   48000/312000      __euler_bc_ghost_MOD_set_ghost_bc_imin [43]
                0.00    0.02   88000/312000      __euler_bc_ghost_MOD_set_ghost_bc_jmin [24]
                0.00    0.03  128000/312000      __euler_bc_ghost_MOD_set_ghost_bc_jmax [30]
[17]     0.8    0.01    0.08  312000         __euler_bc_ghost_MOD_set_bc [17]
                0.00    0.08  224000/224000      __euler_bc_farfield_MOD_set_farfield_bc_ghost [20]
                0.00    0.00   88000/88000       __euler_bc_wall_MOD_set_wall_bc_ghost [205]
-----------------------------------------------
                0.00    0.01   48000/312000      __inviscid_bcflux_MOD_euler_bc_flux_imax [44]
                0.00    0.01   48000/312000      __inviscid_bcflux_MOD_euler_bc_flux_imin [45]
                0.00    0.02   88000/312000      __inviscid_bcflux_MOD_euler_bc_flux_jmin [32]
                0.00    0.03  128000/312000      __inviscid_bcflux_MOD_euler_bc_flux_jmax [31]
[18]     0.7    0.00    0.08  312000         __inviscid_bcflux_MOD_set_bcflux [18]
                0.01    0.07  224000/224000      __inviscid_bcflux_MOD_set_farfield_bcflux [21]
                0.00    0.00   88000/88000       __inviscid_bcflux_MOD_set_wall_bcflux [59]
-----------------------------------------------
                0.01    0.07  224000/224000      __euler_bc_farfield_MOD_set_farfield_bc_ghost [20]
[19]     0.7    0.01    0.07  224000         __euler_bc_farfield_MOD_euler_farfield_bc_ghost [19]
                0.04    0.02  224000/672000      __euler_bc_farfield_MOD_euler_farfield_bc_face [14]
                0.01    0.00 1120000/1120000     __extrap_interp_MOD_g_extrap_face [50]
-----------------------------------------------
                0.00    0.08  224000/224000      __euler_bc_ghost_MOD_set_bc [17]
[20]     0.7    0.00    0.08  224000         __euler_bc_farfield_MOD_set_farfield_bc_ghost [20]
                0.01    0.07  224000/224000      __euler_bc_farfield_MOD_euler_farfield_bc_ghost [19]
-----------------------------------------------
                0.01    0.07  224000/224000      __inviscid_bcflux_MOD_set_bcflux [18]
[21]     0.7    0.01    0.07  224000         __inviscid_bcflux_MOD_set_farfield_bcflux [21]
                0.00    0.07  224000/224000      __euler_bc_farfield_MOD_euler_farfield_bc_flux [23]
-----------------------------------------------
                0.00    0.01   48000/312000      __euler_bc_face_MOD_set_euler_face_bc_imax [46]
                0.00    0.01   48000/312000      __euler_bc_face_MOD_set_euler_face_bc_imin [37]
                0.00    0.02   88000/312000      __euler_bc_face_MOD_set_euler_face_bc_jmin [41]
                0.00    0.02  128000/312000      __euler_bc_face_MOD_set_euler_face_bc_jmax [29]
[22]     0.6    0.01    0.06  312000         __euler_bc_face_MOD_set_bc_face [22]
                0.00    0.06  224000/224000      __euler_bc_farfield_MOD_set_farfield_bc_face [27]
                0.00    0.00   88000/88000       __euler_bc_wall_MOD_set_wall_bc_face [204]
-----------------------------------------------
                0.00    0.07  224000/224000      __inviscid_bcflux_MOD_set_farfield_bcflux [21]
[23]     0.6    0.00    0.07  224000         __euler_bc_farfield_MOD_euler_farfield_bc_flux [23]
                0.04    0.02  224000/672000      __euler_bc_farfield_MOD_euler_farfield_bc_face [14]
                0.01    0.00  224000/224000      __euler_bc_farfield_MOD_euler_flux [51]
-----------------------------------------------
                0.04    0.03    1000/1000        __euler_bc_ghost_MOD_euler_bc_ghost_update [16]
[24]     0.6    0.04    0.03    1000         __euler_bc_ghost_MOD_set_ghost_bc_jmin [24]
                0.00    0.02   88000/312000      __euler_bc_ghost_MOD_set_bc [17]
-----------------------------------------------
                0.06    0.00 1344000/1344000     __euler_bc_farfield_MOD_euler_farfield_bc_face [14]
[25]     0.5    0.06    0.00 1344000         __euler_bc_farfield_MOD_speed_of_sound [25]
-----------------------------------------------
                                                 <spontaneous>
[26]     0.5    0.06    0.00                 __limiter_functions_MOD_limiter_vanalbada [26]
-----------------------------------------------
                0.00    0.06  224000/224000      __euler_bc_face_MOD_set_bc_face [22]
[27]     0.5    0.00    0.06  224000         __euler_bc_farfield_MOD_set_farfield_bc_face [27]
                0.04    0.02  224000/672000      __euler_bc_farfield_MOD_euler_farfield_bc_face [14]
-----------------------------------------------
                0.05    0.00    1000/1000        __main_MOD_march [3]
[28]     0.4    0.05    0.00    1000         __inviscid_rhs_MOD_check_convergence [28]
-----------------------------------------------
                0.02    0.03  128000/128000      __inviscid_rhs_MOD_form_rhs_i [4]
[29]     0.4    0.02    0.03  128000         __euler_bc_face_MOD_set_euler_face_bc_jmax [29]
                0.00    0.02  128000/312000      __euler_bc_face_MOD_set_bc_face [22]
-----------------------------------------------
                0.01    0.04    1000/1000        __euler_bc_ghost_MOD_euler_bc_ghost_update [16]
[30]     0.4    0.01    0.04    1000         __euler_bc_ghost_MOD_set_ghost_bc_jmax [30]
                0.00    0.03  128000/312000      __euler_bc_ghost_MOD_set_bc [17]
-----------------------------------------------
                0.01    0.03  128000/128000      __inviscid_rhs_MOD_form_rhs_i [4]
[31]     0.4    0.01    0.03  128000         __inviscid_bcflux_MOD_euler_bc_flux_jmax [31]
                0.00    0.03  128000/312000      __inviscid_bcflux_MOD_set_bcflux [18]
-----------------------------------------------
                0.01    0.02   88000/88000       __inviscid_rhs_MOD_form_rhs_i [4]
[32]     0.3    0.01    0.02   88000         __inviscid_bcflux_MOD_euler_bc_flux_jmin [32]
                0.00    0.02   88000/312000      __inviscid_bcflux_MOD_set_bcflux [18]
-----------------------------------------------
                                                 <spontaneous>
[33]     0.3    0.03    0.00                 namelist_write_newline [33]
-----------------------------------------------
                                                 <spontaneous>
[34]     0.3    0.03    0.00                 _gfortran_internal_pack [34]
-----------------------------------------------
                                                 <spontaneous>
[35]     0.3    0.03    0.00                 _gfortrani_internal_unpack_r8 [35]
-----------------------------------------------
                                                 <spontaneous>
[36]     0.3    0.03    0.00                 __flux_functions_MOD_flux_roe [36]
-----------------------------------------------
                0.01    0.01   48000/48000       __inviscid_rhs_MOD_form_rhs_i [4]
[37]     0.2    0.01    0.01   48000         __euler_bc_face_MOD_set_euler_face_bc_imin [37]
                0.00    0.01   48000/312000      __euler_bc_face_MOD_set_bc_face [22]
-----------------------------------------------
                                                 <spontaneous>
[38]     0.2    0.02    0.00                 formatted_transfer [38]
-----------------------------------------------
                                                 <spontaneous>
[39]     0.2    0.02    0.00                 _gfortrani_compare_string [39]
-----------------------------------------------
                                                 <spontaneous>
[40]     0.2    0.02    0.00                 _gfortrani_memcmp_char4 [40]
-----------------------------------------------
                0.00    0.02  128000/128000      __inviscid_rhs_MOD_form_rhs_i [4]
[41]     0.2    0.00    0.02  128000         __euler_bc_face_MOD_set_euler_face_bc_jmin [41]
                0.00    0.02   88000/312000      __euler_bc_face_MOD_set_bc_face [22]
-----------------------------------------------
                0.00    0.01    1000/1000        __euler_bc_ghost_MOD_euler_bc_ghost_update [16]
[42]     0.1    0.00    0.01    1000         __euler_bc_ghost_MOD_set_ghost_bc_imax [42]
                0.00    0.01   48000/312000      __euler_bc_ghost_MOD_set_bc [17]
-----------------------------------------------
                0.00    0.01    1000/1000        __euler_bc_ghost_MOD_euler_bc_ghost_update [16]
[43]     0.1    0.00    0.01    1000         __euler_bc_ghost_MOD_set_ghost_bc_imin [43]
                0.00    0.01   48000/312000      __euler_bc_ghost_MOD_set_bc [17]
-----------------------------------------------
                0.00    0.01   48000/48000       __inviscid_rhs_MOD_form_rhs_i [4]
[44]     0.1    0.00    0.01   48000         __inviscid_bcflux_MOD_euler_bc_flux_imax [44]
                0.00    0.01   48000/312000      __inviscid_bcflux_MOD_set_bcflux [18]
-----------------------------------------------
                0.00    0.01   48000/48000       __inviscid_rhs_MOD_form_rhs_i [4]
[45]     0.1    0.00    0.01   48000         __inviscid_bcflux_MOD_euler_bc_flux_imin [45]
                0.00    0.01   48000/312000      __inviscid_bcflux_MOD_set_bcflux [18]
-----------------------------------------------
                0.00    0.01   48000/48000       __inviscid_rhs_MOD_form_rhs_i [4]
[46]     0.1    0.00    0.01   48000         __euler_bc_face_MOD_set_euler_face_bc_imax [46]
                0.00    0.01   48000/312000      __euler_bc_face_MOD_set_bc_face [22]
-----------------------------------------------
                                                 <spontaneous>
[47]     0.1    0.01    0.00                 gfc_itoa [47]
-----------------------------------------------
                0.00    0.00   88000/2104000     __inviscid_bcflux_MOD_set_wall_bcflux [59]
                0.00    0.01 2016000/2104000     __euler_bc_farfield_MOD_euler_farfield_bc_face [14]
[48]     0.1    0.00    0.01 2104000         __extrap_interp_MOD_f_extrap [48]
                0.01    0.00 2104000/2104000     __extrap_interp_MOD_face_extrap_secondorder [49]
-----------------------------------------------
                0.01    0.00 2104000/2104000     __extrap_interp_MOD_f_extrap [48]
[49]     0.1    0.01    0.00 2104000         __extrap_interp_MOD_face_extrap_secondorder [49]
-----------------------------------------------
                0.01    0.00 1120000/1120000     __euler_bc_farfield_MOD_euler_farfield_bc_ghost [19]
[50]     0.1    0.01    0.00 1120000         __extrap_interp_MOD_g_extrap_face [50]
                0.00    0.00 1120000/1120000     __extrap_interp_MOD_ghost_extrap_face_secondorder [199]
-----------------------------------------------
                0.01    0.00  224000/224000      __euler_bc_farfield_MOD_euler_farfield_bc_flux [23]
[51]     0.1    0.01    0.00  224000         __euler_bc_farfield_MOD_euler_flux [51]
-----------------------------------------------
                                                 <spontaneous>
[52]     0.1    0.01    0.00                 __face_reconstruction_MOD_map_variables_for_muscl_ins [52]
-----------------------------------------------
                                                 <spontaneous>
[53]     0.1    0.01    0.00                 _gfortrani_find_option [53]
-----------------------------------------------
                                                 <spontaneous>
[54]     0.1    0.01    0.00                 _gfortrani_get_mem [54]
-----------------------------------------------
                                                 <spontaneous>
[55]     0.1    0.01    0.00                 _gfortrani_internal_malloc_size [55]
-----------------------------------------------
                                                 <spontaneous>
[56]     0.1    0.01    0.00                 _gfortrani_max_value [56]
-----------------------------------------------
                                                 <spontaneous>
[57]     0.1    0.01    0.00                 _gfortrani_next_format [57]
-----------------------------------------------
                                                 <spontaneous>
[58]     0.1    0.01    0.00                 _gfortrani_reshape_packed [58]
-----------------------------------------------
                0.00    0.00   88000/88000       __inviscid_bcflux_MOD_set_bcflux [18]
[59]     0.0    0.00    0.00   88000         __inviscid_bcflux_MOD_set_wall_bcflux [59]
                0.00    0.00   88000/2104000     __extrap_interp_MOD_f_extrap [48]
-----------------------------------------------
                0.00    0.00 1120000/1120000     __extrap_interp_MOD_g_extrap_face [50]
[199]    0.0    0.00    0.00 1120000         __extrap_interp_MOD_ghost_extrap_face_secondorder [199]
-----------------------------------------------
                0.00    0.00  440000/440000      __euler_bc_wall_MOD_euler_slip_wall_bc_ghost [203]
[200]    0.0    0.00    0.00  440000         __extrap_interp_MOD_g_extrap [200]
                0.00    0.00  440000/440000      __extrap_interp_MOD_ghost_extrap_secondorder [201]
-----------------------------------------------
                0.00    0.00  440000/440000      __extrap_interp_MOD_g_extrap [200]
[201]    0.0    0.00    0.00  440000         __extrap_interp_MOD_ghost_extrap_secondorder [201]
-----------------------------------------------
                0.00    0.00   88000/88000       __euler_bc_wall_MOD_set_wall_bc_face [204]
[202]    0.0    0.00    0.00   88000         __euler_bc_wall_MOD_euler_slip_wall_bc_face [202]
-----------------------------------------------
                0.00    0.00   88000/88000       __euler_bc_wall_MOD_set_wall_bc_ghost [205]
[203]    0.0    0.00    0.00   88000         __euler_bc_wall_MOD_euler_slip_wall_bc_ghost [203]
                0.00    0.00  440000/440000      __extrap_interp_MOD_g_extrap [200]
-----------------------------------------------
                0.00    0.00   88000/88000       __euler_bc_face_MOD_set_bc_face [22]
[204]    0.0    0.00    0.00   88000         __euler_bc_wall_MOD_set_wall_bc_face [204]
                0.00    0.00   88000/88000       __euler_bc_wall_MOD_euler_slip_wall_bc_face [202]
-----------------------------------------------
                0.00    0.00   88000/88000       __euler_bc_ghost_MOD_set_bc [17]
[205]    0.0    0.00    0.00   88000         __euler_bc_wall_MOD_set_wall_bc_ghost [205]
                0.00    0.00   88000/88000       __euler_bc_wall_MOD_euler_slip_wall_bc_ghost [203]
-----------------------------------------------
                0.00    0.00   24752/24752       __geometry_MOD_fill_derived_grid [227]
[206]    0.0    0.00    0.00   24752         __geometry_MOD_cross_product [206]
-----------------------------------------------
                0.00    0.00   24752/24752       __geometry_MOD_fill_derived_grid [227]
[207]    0.0    0.00    0.00   24752         __geometry_MOD_vector_norm [207]
-----------------------------------------------
                0.00    0.00    1000/1000        __main_MOD_march [3]
[208]    0.0    0.00    0.00    1000         __solution_helper_MOD_interchange_block_data_euler [208]
-----------------------------------------------
                0.00    0.00     224/224         __io_bc_farfield_MOD_read_bc_farfield [210]
[209]    0.0    0.00    0.00     224         __eos_MOD_perfect_pt_to_rho [209]
-----------------------------------------------
                0.00    0.00     224/224         __bcinput_MOD_read_bc_data [217]
[210]    0.0    0.00    0.00     224         __io_bc_farfield_MOD_read_bc_farfield [210]
                0.00    0.00     224/224         __eos_MOD_perfect_pt_to_rho [209]
                0.00    0.00     224/224         __io_bc_farfield_MOD_speed_of_sound [211]
-----------------------------------------------
                0.00    0.00     224/224         __io_bc_farfield_MOD_read_bc_farfield [210]
[211]    0.0    0.00    0.00     224         __io_bc_farfield_MOD_speed_of_sound [211]
-----------------------------------------------
                0.00    0.00      88/88          __bcinput_MOD_read_bc_data [217]
[212]    0.0    0.00    0.00      88         __io_bc_wall_MOD_read_bc_wall [212]
-----------------------------------------------
                0.00    0.00      12/12          __bcinput_MOD_assign_grid_connections [216]
[213]    0.0    0.00    0.00      12         __bcinput_MOD_shift_indicies_to_nodes [213]
-----------------------------------------------
                0.00    0.00       8/8           __bcinput_MOD_read_bc_file [223]
[214]    0.0    0.00    0.00       8         __bcinput_MOD_shift_indicies_to_cells [214]
-----------------------------------------------
                0.00    0.00       6/6           __bcinput_MOD_read_bc_file [223]
[215]    0.0    0.00    0.00       6         __bcinput_MOD_assign_bc_type [215]
-----------------------------------------------
                0.00    0.00       6/6           __bcinput_MOD_read_bc_file [223]
[216]    0.0    0.00    0.00       6         __bcinput_MOD_assign_grid_connections [216]
                0.00    0.00      12/12          __bcinput_MOD_shift_indicies_to_nodes [213]
-----------------------------------------------
                0.00    0.00       6/6           __bcinput_MOD_read_bc_file [223]
[217]    0.0    0.00    0.00       6         __bcinput_MOD_read_bc_data [217]
                0.00    0.00     224/224         __io_bc_farfield_MOD_read_bc_farfield [210]
                0.00    0.00      88/88          __io_bc_wall_MOD_read_bc_wall [212]
-----------------------------------------------
                0.00    0.00       3/3           __io_MOD_open_existing_file [219]
[218]    0.0    0.00    0.00       3         __io_MOD_find_available_unit [218]
-----------------------------------------------
                0.00    0.00       1/3           __bcinput_MOD_read_bc_file [223]
                0.00    0.00       1/3           __geometry_MOD_read_grid_file [230]
                0.00    0.00       1/3           __namelist_MOD_read_nml [244]
[219]    0.0    0.00    0.00       3         __io_MOD_open_existing_file [219]
                0.00    0.00       3/3           __io_MOD_find_available_unit [218]
-----------------------------------------------
                0.00    0.00       2/2           __soln_derived_type_MOD_allocate_soln_sblock [249]
[220]    0.0    0.00    0.00       2         __soln_derived_type_MOD_allocate_soln_limiter [220]
-----------------------------------------------
                0.00    0.00       2/2           __soln_derived_type_MOD_deallocate_soln_sblock [253]
[221]    0.0    0.00    0.00       2         __soln_derived_type_MOD_deallocate_soln_limiter [221]
-----------------------------------------------
                0.00    0.00       1/1           __bcinput_MOD_read_bc_file [223]
[222]    0.0    0.00    0.00       1         __bcinput_MOD_get_bc_dim [222]
-----------------------------------------------
                0.00    0.00       1/1           __main_MOD_initialize [241]
[223]    0.0    0.00    0.00       1         __bcinput_MOD_read_bc_file [223]
                0.00    0.00       8/8           __bcinput_MOD_shift_indicies_to_cells [214]
                0.00    0.00       6/6           __bcinput_MOD_assign_grid_connections [216]
                0.00    0.00       6/6           __bcinput_MOD_assign_bc_type [215]
                0.00    0.00       6/6           __bcinput_MOD_read_bc_data [217]
                0.00    0.00       1/3           __io_MOD_open_existing_file [219]
                0.00    0.00       1/1           __bcinput_MOD_get_bc_dim [222]
-----------------------------------------------
                0.00    0.00       1/1           __main_MOD_initialize [241]
[224]    0.0    0.00    0.00       1         __eos_MOD_choose_equation_of_state [224]
-----------------------------------------------
                0.00    0.00       1/1           __main_MOD_initialize [241]
[225]    0.0    0.00    0.00       1         __fluid_constants_MOD_set_fluid_constants [225]
-----------------------------------------------
                0.00    0.00       1/1           __main_MOD_march [3]
[226]    0.0    0.00    0.00       1         __flux_functions_MOD_choose_flux_function [226]
-----------------------------------------------
                0.00    0.00       1/1           __geometry_MOD_fill_grid_block [228]
[227]    0.0    0.00    0.00       1         __geometry_MOD_fill_derived_grid [227]
                0.00    0.00   24752/24752       __geometry_MOD_cross_product [206]
                0.00    0.00   24752/24752       __geometry_MOD_vector_norm [207]
-----------------------------------------------
                0.00    0.00       1/1           __geometry_MOD_form_derived_grid [229]
[228]    0.0    0.00    0.00       1         __geometry_MOD_fill_grid_block [228]
                0.00    0.00       1/1           __grid_derived_type_MOD_allocate_derived_grid [233]
                0.00    0.00       1/1           __geometry_MOD_fill_derived_grid [227]
-----------------------------------------------
                0.00    0.00       1/1           __main_MOD_initialize [241]
[229]    0.0    0.00    0.00       1         __geometry_MOD_form_derived_grid [229]
                0.00    0.00       1/1           __geometry_MOD_fill_grid_block [228]
-----------------------------------------------
                0.00    0.00       1/1           __main_MOD_initialize [241]
[230]    0.0    0.00    0.00       1         __geometry_MOD_read_grid_file [230]
                0.00    0.00       1/3           __io_MOD_open_existing_file [219]
                0.00    0.00       1/1           __geometry_MOD_read_single_block_plot2d_grid [231]
-----------------------------------------------
                0.00    0.00       1/1           __geometry_MOD_read_grid_file [230]
[231]    0.0    0.00    0.00       1         __geometry_MOD_read_single_block_plot2d_grid [231]
                0.00    0.00       1/1           __grid_derived_type_MOD_allocate_blocks_in_grid [232]
                0.00    0.00       1/1           __grid_derived_type_MOD_allocate_grid_block [234]
-----------------------------------------------
                0.00    0.00       1/1           __geometry_MOD_read_single_block_plot2d_grid [231]
[232]    0.0    0.00    0.00       1         __grid_derived_type_MOD_allocate_blocks_in_grid [232]
-----------------------------------------------
                0.00    0.00       1/1           __geometry_MOD_fill_grid_block [228]
[233]    0.0    0.00    0.00       1         __grid_derived_type_MOD_allocate_derived_grid [233]
-----------------------------------------------
                0.00    0.00       1/1           __geometry_MOD_read_single_block_plot2d_grid [231]
[234]    0.0    0.00    0.00       1         __grid_derived_type_MOD_allocate_grid_block [234]
-----------------------------------------------
                0.00    0.00       1/1           __grid_derived_type_MOD_deallocate_grid_block [237]
[235]    0.0    0.00    0.00       1         __grid_derived_type_MOD_deallocate_derived_grid [235]
-----------------------------------------------
                0.00    0.00       1/1           __main_MOD_clean_up_soln_grid [239]
[236]    0.0    0.00    0.00       1         __grid_derived_type_MOD_deallocate_grid [236]
                0.00    0.00       1/1           __grid_derived_type_MOD_deallocate_grid_block [237]
-----------------------------------------------
                0.00    0.00       1/1           __grid_derived_type_MOD_deallocate_grid [236]
[237]    0.0    0.00    0.00       1         __grid_derived_type_MOD_deallocate_grid_block [237]
                0.00    0.00       1/1           __grid_derived_type_MOD_deallocate_derived_grid [235]
-----------------------------------------------
                0.00    0.00       1/1           __main_MOD_march [3]
[238]    0.0    0.00    0.00       1         __limiter_functions_MOD_choose_limiter_function [238]
-----------------------------------------------
                0.00    0.00       1/1           MAIN__ [1]
[239]    0.0    0.00    0.00       1         __main_MOD_clean_up_soln_grid [239]
                0.00    0.00       1/1           __grid_derived_type_MOD_deallocate_grid [236]
                0.00    0.00       1/1           __soln_derived_type_MOD_deallocate_soln [250]
-----------------------------------------------
                0.00    0.00       1/1           __main_MOD_initialize [241]
[240]    0.0    0.00    0.00       1         __main_MOD_compute_exact_solution_and_source [240]
-----------------------------------------------
                0.00    0.00       1/1           MAIN__ [1]
[241]    0.0    0.00    0.00       1         __main_MOD_initialize [241]
                0.00    0.00       1/1           __namelist_MOD_read_nml [244]
                0.00    0.00       1/1           __set_constants_MOD_set_pi [245]
                0.00    0.00       1/1           __fluid_constants_MOD_set_fluid_constants [225]
                0.00    0.00       1/1           __eos_MOD_choose_equation_of_state [224]
                0.00    0.00       1/1           __geometry_MOD_form_derived_grid [229]
                0.00    0.00       1/1           __geometry_MOD_read_grid_file [230]
                0.00    0.00       1/1           __main_MOD_setup_soln_for_eqn_type [243]
                0.00    0.00       1/1           __main_MOD_initialize_soln [242]
                0.00    0.00       1/1           __bcinput_MOD_read_bc_file [223]
                0.00    0.00       1/1           __main_MOD_compute_exact_solution_and_source [240]
-----------------------------------------------
                0.00    0.00       1/1           __main_MOD_initialize [241]
[242]    0.0    0.00    0.00       1         __main_MOD_initialize_soln [242]
-----------------------------------------------
                0.00    0.00       1/1           __main_MOD_initialize [241]
[243]    0.0    0.00    0.00       1         __main_MOD_setup_soln_for_eqn_type [243]
                0.00    0.00       1/1           __soln_derived_type_MOD_allocate_blocks_in_soln [246]
                0.00    0.00       1/1           __soln_derived_type_MOD_allocate_soln_sblock [249]
-----------------------------------------------
                0.00    0.00       1/1           __main_MOD_initialize [241]
[244]    0.0    0.00    0.00       1         __namelist_MOD_read_nml [244]
                0.00    0.00       1/3           __io_MOD_open_existing_file [219]
-----------------------------------------------
                0.00    0.00       1/1           __main_MOD_initialize [241]
[245]    0.0    0.00    0.00       1         __set_constants_MOD_set_pi [245]
-----------------------------------------------
                0.00    0.00       1/1           __main_MOD_setup_soln_for_eqn_type [243]
[246]    0.0    0.00    0.00       1         __soln_derived_type_MOD_allocate_blocks_in_soln [246]
-----------------------------------------------
                0.00    0.00       1/1           __soln_derived_type_MOD_allocate_soln_sblock [249]
[247]    0.0    0.00    0.00       1         __soln_derived_type_MOD_allocate_soln_grad [247]
-----------------------------------------------
                0.00    0.00       1/1           __main_MOD_march [3]
[248]    0.0    0.00    0.00       1         __soln_derived_type_MOD_allocate_soln_old [248]
-----------------------------------------------
                0.00    0.00       1/1           __main_MOD_setup_soln_for_eqn_type [243]
[249]    0.0    0.00    0.00       1         __soln_derived_type_MOD_allocate_soln_sblock [249]
                0.00    0.00       2/2           __soln_derived_type_MOD_allocate_soln_limiter [220]
                0.00    0.00       1/1           __soln_derived_type_MOD_allocate_soln_grad [247]
-----------------------------------------------
                0.00    0.00       1/1           __main_MOD_clean_up_soln_grid [239]
[250]    0.0    0.00    0.00       1         __soln_derived_type_MOD_deallocate_soln [250]
                0.00    0.00       1/1           __soln_derived_type_MOD_deallocate_soln_sblock [253]
-----------------------------------------------
                0.00    0.00       1/1           __soln_derived_type_MOD_deallocate_soln_sblock [253]
[251]    0.0    0.00    0.00       1         __soln_derived_type_MOD_deallocate_soln_grad [251]
-----------------------------------------------
                0.00    0.00       1/1           __main_MOD_march [3]
[252]    0.0    0.00    0.00       1         __soln_derived_type_MOD_deallocate_soln_old [252]
-----------------------------------------------
                0.00    0.00       1/1           __soln_derived_type_MOD_deallocate_soln [250]
[253]    0.0    0.00    0.00       1         __soln_derived_type_MOD_deallocate_soln_sblock [253]
                0.00    0.00       2/2           __soln_derived_type_MOD_deallocate_soln_limiter [221]
                0.00    0.00       1/1           __soln_derived_type_MOD_deallocate_soln_grad [251]
-----------------------------------------------

 This table describes the call tree of the program, and was sorted by
 the total amount of time spent in each function and its children.

 Each entry in this table consists of several lines.  The line with the
 index number at the left hand margin lists the current function.
 The lines above it list the functions that called this function,
 and the lines below it list the functions this one called.
 This line lists:
     index	A unique number given to each element of the table.
		Index numbers are sorted numerically.
		The index number is printed next to every function name so
		it is easier to look up where the function in the table.

     % time	This is the percentage of the `total' time that was spent
		in this function and its children.  Note that due to
		different viewpoints, functions excluded by options, etc,
		these numbers will NOT add up to 100%.

     self	This is the total amount of time spent in this function.

     children	This is the total amount of time propagated into this
		function by its children.

     called	This is the number of times the function was called.
		If the function called itself recursively, the number
		only includes non-recursive calls, and is followed by
		a `+' and the number of recursive calls.

     name	The name of the current function.  The index number is
		printed after it.  If the function is a member of a
		cycle, the cycle number is printed between the
		function's name and the index number.


 For the function's parents, the fields have the following meanings:

     self	This is the amount of time that was propagated directly
		from the function into this parent.

     children	This is the amount of time that was propagated from
		the function's children into this parent.

     called	This is the number of times this parent called the
		function `/' the total number of times the function
		was called.  Recursive calls to the function are not
		included in the number after the `/'.

     name	This is the name of the parent.  The parent's index
		number is printed after it.  If the parent is a
		member of a cycle, the cycle number is printed between
		the name and the index number.

 If the parents of the function cannot be determined, the word
 `<spontaneous>' is printed in the `name' field, and all the other
 fields are blank.

 For the function's children, the fields have the following meanings:

     self	This is the amount of time that was propagated directly
		from the child into the function.

     children	This is the amount of time that was propagated from the
		child's children to the function.

     called	This is the number of times the function called
		this child `/' the total number of times the child
		was called.  Recursive calls by the child are not
		listed in the number after the `/'.

     name	This is the name of the child.  The child's index
		number is printed after it.  If the child is a
		member of a cycle, the cycle number is printed
		between the name and the index number.

 If there are any cycles (circles) in the call graph, there is an
 entry for the cycle-as-a-whole.  This entry shows who called the
 cycle (as parents) and the members of the cycle (as children.)
 The `+' recursive calls entry shows the number of function calls that
 were internal to the cycle, and the calls entry for each member shows,
 for that member, how many times it was called from other members of
 the cycle.


Index by function name

   [1] MAIN__ (sensei.f90)     [7] __face_reconstruction_MOD_map_variables_for_muscl_i [8] __limiter_functions_MOD_limiter_vanleer
 [215] __bcinput_MOD_assign_bc_type [52] __face_reconstruction_MOD_map_variables_for_muscl_ins [239] __main_MOD_clean_up_soln_grid
 [216] __bcinput_MOD_assign_grid_connections [11] __face_reconstruction_MOD_muscl_extrapolation [240] __main_MOD_compute_exact_solution_and_source
 [222] __bcinput_MOD_get_bc_dim [225] __fluid_constants_MOD_set_fluid_constants [241] __main_MOD_initialize
 [217] __bcinput_MOD_read_bc_data [226] __flux_functions_MOD_choose_flux_function [242] __main_MOD_initialize_soln
 [223] __bcinput_MOD_read_bc_file [36] __flux_functions_MOD_flux_roe [3] __main_MOD_march
 [214] __bcinput_MOD_shift_indicies_to_cells [6] __flux_functions_MOD_flux_vanleer [243] __main_MOD_setup_soln_for_eqn_type
 [213] __bcinput_MOD_shift_indicies_to_nodes [10] __flux_functions_MOD_speed_of_sound [244] __namelist_MOD_read_nml
 [224] __eos_MOD_choose_equation_of_state [206] __geometry_MOD_cross_product [245] __set_constants_MOD_set_pi
 [209] __eos_MOD_perfect_pt_to_rho [227] __geometry_MOD_fill_derived_grid [246] __soln_derived_type_MOD_allocate_blocks_in_soln
  [22] __euler_bc_face_MOD_set_bc_face [228] __geometry_MOD_fill_grid_block [247] __soln_derived_type_MOD_allocate_soln_grad
  [46] __euler_bc_face_MOD_set_euler_face_bc_imax [229] __geometry_MOD_form_derived_grid [220] __soln_derived_type_MOD_allocate_soln_limiter
  [37] __euler_bc_face_MOD_set_euler_face_bc_imin [230] __geometry_MOD_read_grid_file [248] __soln_derived_type_MOD_allocate_soln_old
  [29] __euler_bc_face_MOD_set_euler_face_bc_jmax [231] __geometry_MOD_read_single_block_plot2d_grid [249] __soln_derived_type_MOD_allocate_soln_sblock
  [41] __euler_bc_face_MOD_set_euler_face_bc_jmin [207] __geometry_MOD_vector_norm [250] __soln_derived_type_MOD_deallocate_soln
  [14] __euler_bc_farfield_MOD_euler_farfield_bc_face [232] __grid_derived_type_MOD_allocate_blocks_in_grid [251] __soln_derived_type_MOD_deallocate_soln_grad
  [23] __euler_bc_farfield_MOD_euler_farfield_bc_flux [233] __grid_derived_type_MOD_allocate_derived_grid [221] __soln_derived_type_MOD_deallocate_soln_limiter
  [19] __euler_bc_farfield_MOD_euler_farfield_bc_ghost [234] __grid_derived_type_MOD_allocate_grid_block [252] __soln_derived_type_MOD_deallocate_soln_old
  [51] __euler_bc_farfield_MOD_euler_flux [235] __grid_derived_type_MOD_deallocate_derived_grid [253] __soln_derived_type_MOD_deallocate_soln_sblock
  [27] __euler_bc_farfield_MOD_set_farfield_bc_face [236] __grid_derived_type_MOD_deallocate_grid [208] __solution_helper_MOD_interchange_block_data_euler
  [20] __euler_bc_farfield_MOD_set_farfield_bc_ghost [237] __grid_derived_type_MOD_deallocate_grid_block [12] __time_step_MOD_speed_of_sound
  [25] __euler_bc_farfield_MOD_speed_of_sound [44] __inviscid_bcflux_MOD_euler_bc_flux_imax [9] __time_step_MOD_time_step_i
  [16] __euler_bc_ghost_MOD_euler_bc_ghost_update [45] __inviscid_bcflux_MOD_euler_bc_flux_imin [34] _gfortran_internal_pack
  [17] __euler_bc_ghost_MOD_set_bc [31] __inviscid_bcflux_MOD_euler_bc_flux_jmax [15] _gfortran_select_string
  [42] __euler_bc_ghost_MOD_set_ghost_bc_imax [32] __inviscid_bcflux_MOD_euler_bc_flux_jmin [39] _gfortrani_compare_string
  [43] __euler_bc_ghost_MOD_set_ghost_bc_imin [18] __inviscid_bcflux_MOD_set_bcflux [53] _gfortrani_find_option
  [30] __euler_bc_ghost_MOD_set_ghost_bc_jmax [21] __inviscid_bcflux_MOD_set_farfield_bcflux [54] _gfortrani_get_mem
  [24] __euler_bc_ghost_MOD_set_ghost_bc_jmin [59] __inviscid_bcflux_MOD_set_wall_bcflux [55] _gfortrani_internal_malloc_size
 [202] __euler_bc_wall_MOD_euler_slip_wall_bc_face [28] __inviscid_rhs_MOD_check_convergence [13] _gfortrani_internal_pack_r8
 [203] __euler_bc_wall_MOD_euler_slip_wall_bc_ghost [4] __inviscid_rhs_MOD_form_rhs_i [35] _gfortrani_internal_unpack_r8
 [204] __euler_bc_wall_MOD_set_wall_bc_face [218] __io_MOD_find_available_unit [56] _gfortrani_max_value
 [205] __euler_bc_wall_MOD_set_wall_bc_ghost [219] __io_MOD_open_existing_file [40] _gfortrani_memcmp_char4
  [48] __extrap_interp_MOD_f_extrap [210] __io_bc_farfield_MOD_read_bc_farfield [57] _gfortrani_next_format
  [49] __extrap_interp_MOD_face_extrap_secondorder [211] __io_bc_farfield_MOD_speed_of_sound [58] _gfortrani_reshape_packed
 [200] __extrap_interp_MOD_g_extrap [212] __io_bc_wall_MOD_read_bc_wall [38] formatted_transfer (transfer.c)
  [50] __extrap_interp_MOD_g_extrap_face [5] __limiter_calculations_MOD_form_limiter [47] gfc_itoa (write.c)
 [199] __extrap_interp_MOD_ghost_extrap_face_secondorder [238] __limiter_functions_MOD_choose_limiter_function [33] namelist_write_newline (write.c)
 [201] __extrap_interp_MOD_ghost_extrap_secondorder [26] __limiter_functions_MOD_limiter_vanalbada
